<?xml version="1.0"?>
<testsuite name="Chrome 88.0.4324.192 (Mac OS 11.1.0)" package="" timestamp="2021-02-25T22:11:06" id="0" hostname="pc-68-163.customer.ask4.lan" tests="177" errors="0" failures="0" time="2.292">
  <properties>
    <property name="browser.fullName" value="Mozilla/5.0 (Macintosh; Intel Mac OS X 11_1_0) AppleWebKit/537.36 (KHTML, like Gecko) Chrome/88.0.4324.192 Safari/537.36"/>
  </properties>
  <testcase name="AuthGuard should not allow route" time="0.014" classname="Chrome_88_0_4324_192_(Mac_OS_11_1_0).AuthGuard"/>
  <testcase name="AuthGuard should allow route" time="0.002" classname="Chrome_88_0_4324_192_(Mac_OS_11_1_0).AuthGuard"/>
  <testcase name="AuthGuard should be created" time="0.002" classname="Chrome_88_0_4324_192_(Mac_OS_11_1_0).AuthGuard"/>
  <testcase name="EventService should cancel event" time="0.004" classname="Chrome_88_0_4324_192_(Mac_OS_11_1_0).EventService"/>
  <testcase name="EventService should search for events" time="0.003" classname="Chrome_88_0_4324_192_(Mac_OS_11_1_0).EventService"/>
  <testcase name="EventService should be created" time="0.002" classname="Chrome_88_0_4324_192_(Mac_OS_11_1_0).EventService"/>
  <testcase name="EventService should map event enums" time="0.002" classname="Chrome_88_0_4324_192_(Mac_OS_11_1_0).EventService"/>
  <testcase name="EventService should get event for public" time="0.001" classname="Chrome_88_0_4324_192_(Mac_OS_11_1_0).EventService"/>
  <testcase name="EventService should get all categories" time="0.003" classname="Chrome_88_0_4324_192_(Mac_OS_11_1_0).EventService"/>
  <testcase name="EventService should update event" time="0.002" classname="Chrome_88_0_4324_192_(Mac_OS_11_1_0).EventService"/>
  <testcase name="EventService should get for host" time="0.002" classname="Chrome_88_0_4324_192_(Mac_OS_11_1_0).EventService"/>
  <testcase name="EventService should create event" time="0.001" classname="Chrome_88_0_4324_192_(Mac_OS_11_1_0).EventService"/>
  <testcase name="EventService should get all hosts events" time="0.003" classname="Chrome_88_0_4324_192_(Mac_OS_11_1_0).EventService"/>
  <testcase name="AuthService should be authenticated using token" time="0.005" classname="Chrome_88_0_4324_192_(Mac_OS_11_1_0).AuthService"/>
  <testcase name="AuthService should be authenticated" time="0.002" classname="Chrome_88_0_4324_192_(Mac_OS_11_1_0).AuthService"/>
  <testcase name="AuthService should change password" time="0.003" classname="Chrome_88_0_4324_192_(Mac_OS_11_1_0).AuthService"/>
  <testcase name="AuthService should not be authenticated" time="0.002" classname="Chrome_88_0_4324_192_(Mac_OS_11_1_0).AuthService"/>
  <testcase name="AuthService should login" time="0.004" classname="Chrome_88_0_4324_192_(Mac_OS_11_1_0).AuthService"/>
  <testcase name="AuthService should get token" time="0.002" classname="Chrome_88_0_4324_192_(Mac_OS_11_1_0).AuthService"/>
  <testcase name="AuthService should authenticate" time="0.002" classname="Chrome_88_0_4324_192_(Mac_OS_11_1_0).AuthService"/>
  <testcase name="AuthService should be created" time="0.002" classname="Chrome_88_0_4324_192_(Mac_OS_11_1_0).AuthService"/>
  <testcase name="UserValidatorsService should invalidate username" time="0.003" classname="Chrome_88_0_4324_192_(Mac_OS_11_1_0).UserValidatorsService"/>
  <testcase name="UserValidatorsService should validate username" time="0.002" classname="Chrome_88_0_4324_192_(Mac_OS_11_1_0).UserValidatorsService"/>
  <testcase name="UserValidatorsService should invalidate email" time="0.002" classname="Chrome_88_0_4324_192_(Mac_OS_11_1_0).UserValidatorsService"/>
  <testcase name="UserValidatorsService should validate email" time="0.002" classname="Chrome_88_0_4324_192_(Mac_OS_11_1_0).UserValidatorsService"/>
  <testcase name="UserValidatorsService FormControls should not match" time="0.002" classname="Chrome_88_0_4324_192_(Mac_OS_11_1_0).UserValidatorsService"/>
  <testcase name="UserValidatorsService FormControls should match" time="0.003" classname="Chrome_88_0_4324_192_(Mac_OS_11_1_0).UserValidatorsService"/>
  <testcase name="UserValidatorsService should invalidate phone number" time="0.002" classname="Chrome_88_0_4324_192_(Mac_OS_11_1_0).UserValidatorsService"/>
  <testcase name="UserValidatorsService should validate phone number" time="0.002" classname="Chrome_88_0_4324_192_(Mac_OS_11_1_0).UserValidatorsService"/>
  <testcase name="UserService should destroy user" time="0.005" classname="Chrome_88_0_4324_192_(Mac_OS_11_1_0).UserService"/>
  <testcase name="UserService phone should exist" time="0.003" classname="Chrome_88_0_4324_192_(Mac_OS_11_1_0).UserService"/>
  <testcase name="UserService should update username" time="0.003" classname="Chrome_88_0_4324_192_(Mac_OS_11_1_0).UserService"/>
  <testcase name="UserService email should exist" time="0.002" classname="Chrome_88_0_4324_192_(Mac_OS_11_1_0).UserService"/>
  <testcase name="UserService should get account user" time="0.003" classname="Chrome_88_0_4324_192_(Mac_OS_11_1_0).UserService"/>
  <testcase name="UserService should create user" time="0.003" classname="Chrome_88_0_4324_192_(Mac_OS_11_1_0).UserService"/>
  <testcase name="UserService should log out" time="0.004" classname="Chrome_88_0_4324_192_(Mac_OS_11_1_0).UserService"/>
  <testcase name="UserService username should exist" time="0.003" classname="Chrome_88_0_4324_192_(Mac_OS_11_1_0).UserService"/>
  <testcase name="UserService should update avatar" time="0.004" classname="Chrome_88_0_4324_192_(Mac_OS_11_1_0).UserService"/>
  <testcase name="UserService should update theme preference" time="0.003" classname="Chrome_88_0_4324_192_(Mac_OS_11_1_0).UserService"/>
  <testcase name="UserService should get user async" time="0.002" classname="Chrome_88_0_4324_192_(Mac_OS_11_1_0).UserService"/>
  <testcase name="UserService should be created" time="0.001" classname="Chrome_88_0_4324_192_(Mac_OS_11_1_0).UserService"/>
  <testcase name="ImageUploadComponent should close dialog with image" time="0.042" classname="Chrome_88_0_4324_192_(Mac_OS_11_1_0).ImageUploadComponent"/>
  <testcase name="ImageUploadComponent should enable label input when ready" time="0.006" classname="Chrome_88_0_4324_192_(Mac_OS_11_1_0).ImageUploadComponent"/>
  <testcase name="ImageUploadComponent should disable label when file changed" time="0.004" classname="Chrome_88_0_4324_192_(Mac_OS_11_1_0).ImageUploadComponent"/>
  <testcase name="ImageUploadComponent should create" time="0.004" classname="Chrome_88_0_4324_192_(Mac_OS_11_1_0).ImageUploadComponent"/>
  <testcase name="ImageUploadComponent should close dialog with avatar" time="0.003" classname="Chrome_88_0_4324_192_(Mac_OS_11_1_0).ImageUploadComponent"/>
  <testcase name="ImageUploadComponent should should crop image" time="0.003" classname="Chrome_88_0_4324_192_(Mac_OS_11_1_0).ImageUploadComponent"/>
  <testcase name="EventService should be created" time="0.002" classname="Chrome_88_0_4324_192_(Mac_OS_11_1_0).EventService"/>
  <testcase name="EventService should convert to byte array" time="0.001" classname="Chrome_88_0_4324_192_(Mac_OS_11_1_0).EventService"/>
  <testcase name="EventService should encode text" time="0.042" classname="Chrome_88_0_4324_192_(Mac_OS_11_1_0).EventService"/>
  <testcase name="EventService should encode bitmap to byte array" time="0.008" classname="Chrome_88_0_4324_192_(Mac_OS_11_1_0).EventService"/>
  <testcase name="AccountPreferencesComponent should validate username already exists" time="0.042" classname="Chrome_88_0_4324_192_(Mac_OS_11_1_0).AccountPreferencesComponent"/>
  <testcase name="AccountPreferencesComponent should update password" time="0.014" classname="Chrome_88_0_4324_192_(Mac_OS_11_1_0).AccountPreferencesComponent"/>
  <testcase name="AccountPreferencesComponent should open confirm" time="0.014" classname="Chrome_88_0_4324_192_(Mac_OS_11_1_0).AccountPreferencesComponent"/>
  <testcase name="AccountPreferencesComponent should validate username does not exists" time="0.012" classname="Chrome_88_0_4324_192_(Mac_OS_11_1_0).AccountPreferencesComponent"/>
  <testcase name="AccountPreferencesComponent should delete user" time="0.014" classname="Chrome_88_0_4324_192_(Mac_OS_11_1_0).AccountPreferencesComponent"/>
  <testcase name="AccountPreferencesComponent should update avatar" time="0.011" classname="Chrome_88_0_4324_192_(Mac_OS_11_1_0).AccountPreferencesComponent"/>
  <testcase name="AccountPreferencesComponent should populate inputs with current values" time="0.015" classname="Chrome_88_0_4324_192_(Mac_OS_11_1_0).AccountPreferencesComponent"/>
  <testcase name="AccountPreferencesComponent should open avatar upload" time="0.139" classname="Chrome_88_0_4324_192_(Mac_OS_11_1_0).AccountPreferencesComponent"/>
  <testcase name="AccountPreferencesComponent should handle password error" time="0.012" classname="Chrome_88_0_4324_192_(Mac_OS_11_1_0).AccountPreferencesComponent"/>
  <testcase name="AccountPreferencesComponent should handle delete user error" time="0.012" classname="Chrome_88_0_4324_192_(Mac_OS_11_1_0).AccountPreferencesComponent"/>
  <testcase name="AccountPreferencesComponent should render inputs" time="0.013" classname="Chrome_88_0_4324_192_(Mac_OS_11_1_0).AccountPreferencesComponent"/>
  <testcase name="AccountPreferencesComponent should handle update avatar error" time="0.015" classname="Chrome_88_0_4324_192_(Mac_OS_11_1_0).AccountPreferencesComponent"/>
  <testcase name="AccountPreferencesComponent should create" time="0.01" classname="Chrome_88_0_4324_192_(Mac_OS_11_1_0).AccountPreferencesComponent"/>
  <testcase name="AccountPreferencesComponent should validate password match" time="0.012" classname="Chrome_88_0_4324_192_(Mac_OS_11_1_0).AccountPreferencesComponent"/>
  <testcase name="AccountPreferencesComponent should validate password not match" time="0.013" classname="Chrome_88_0_4324_192_(Mac_OS_11_1_0).AccountPreferencesComponent"/>
  <testcase name="AccountPreferencesComponent should handle username error" time="0.016" classname="Chrome_88_0_4324_192_(Mac_OS_11_1_0).AccountPreferencesComponent"/>
  <testcase name="AccountPreferencesComponent should update username" time="0.012" classname="Chrome_88_0_4324_192_(Mac_OS_11_1_0).AccountPreferencesComponent"/>
  <testcase name="DashboardComponent should open confirm when deleting account" time="0.023" classname="Chrome_88_0_4324_192_(Mac_OS_11_1_0).DashboardComponent"/>
  <testcase name="DashboardComponent should create" time="0.005" classname="Chrome_88_0_4324_192_(Mac_OS_11_1_0).DashboardComponent"/>
  <testcase name="DashboardComponent should cancel event" time="0.004" classname="Chrome_88_0_4324_192_(Mac_OS_11_1_0).DashboardComponent"/>
  <testcase name="DashboardComponent should toggle preview" time="0.006" classname="Chrome_88_0_4324_192_(Mac_OS_11_1_0).DashboardComponent"/>
  <testcase name="DashboardComponent should navigate to config" time="0.006" classname="Chrome_88_0_4324_192_(Mac_OS_11_1_0).DashboardComponent"/>
  <testcase name="DashboardComponent should handle get all hosts events error" time="0.005" classname="Chrome_88_0_4324_192_(Mac_OS_11_1_0).DashboardComponent"/>
  <testcase name="DashboardComponent should get all hosts events" time="0.005" classname="Chrome_88_0_4324_192_(Mac_OS_11_1_0).DashboardComponent"/>
  <testcase name="DashboardComponent should handle cancel event error" time="0.005" classname="Chrome_88_0_4324_192_(Mac_OS_11_1_0).DashboardComponent"/>
  <testcase name="ThumbnailEditComponent should create" time="0.009" classname="Chrome_88_0_4324_192_(Mac_OS_11_1_0).ThumbnailEditComponent"/>
  <testcase name="ThumbnailEditComponent should open dialog" time="0.004" classname="Chrome_88_0_4324_192_(Mac_OS_11_1_0).ThumbnailEditComponent"/>
  <testcase name="ThumbnailEditComponent should emit thumbnail" time="0.003" classname="Chrome_88_0_4324_192_(Mac_OS_11_1_0).ThumbnailEditComponent"/>
  <testcase name="ConfirmDialogComponent should create" time="0.009" classname="Chrome_88_0_4324_192_(Mac_OS_11_1_0).ConfirmDialogComponent"/>
  <testcase name="LoginComponent should create" time="0.076" classname="Chrome_88_0_4324_192_(Mac_OS_11_1_0).LoginComponent"/>
  <testcase name="LoginComponent should redirect to app" time="0.025" classname="Chrome_88_0_4324_192_(Mac_OS_11_1_0).LoginComponent"/>
  <testcase name="LoginComponent should declare instance variables" time="0.028" classname="Chrome_88_0_4324_192_(Mac_OS_11_1_0).LoginComponent"/>
  <testcase name="LoginComponent should render input elements" time="0.024" classname="Chrome_88_0_4324_192_(Mac_OS_11_1_0).LoginComponent"/>
  <testcase name="LoginComponent form validation form should be valid" time="0.023" classname="Chrome_88_0_4324_192_(Mac_OS_11_1_0).LoginComponent form validation"/>
  <testcase name="LoginComponent form validation email should be invalid" time="0.027" classname="Chrome_88_0_4324_192_(Mac_OS_11_1_0).LoginComponent form validation"/>
  <testcase name="LoginComponent form validation should test password input errors" time="0.029" classname="Chrome_88_0_4324_192_(Mac_OS_11_1_0).LoginComponent form validation"/>
  <testcase name="LoginComponent form validation email should be valid" time="0.029" classname="Chrome_88_0_4324_192_(Mac_OS_11_1_0).LoginComponent form validation"/>
  <testcase name="LoginComponent form validation should test email input errors" time="0.027" classname="Chrome_88_0_4324_192_(Mac_OS_11_1_0).LoginComponent form validation"/>
  <testcase name="LoginComponent form validation form should be invalid" time="0.029" classname="Chrome_88_0_4324_192_(Mac_OS_11_1_0).LoginComponent form validation"/>
  <testcase name="LoginComponent should open create account dialog" time="0.03" classname="Chrome_88_0_4324_192_(Mac_OS_11_1_0).LoginComponent"/>
  <testcase name="LoginComponent should login" time="0.03" classname="Chrome_88_0_4324_192_(Mac_OS_11_1_0).LoginComponent"/>
  <testcase name="LoginComponent should not login" time="0.029" classname="Chrome_88_0_4324_192_(Mac_OS_11_1_0).LoginComponent"/>
  <testcase name="AccountComponent should create" time="0.011" classname="Chrome_88_0_4324_192_(Mac_OS_11_1_0).AccountComponent"/>
  <testcase name="AccountComponent should get user" time="0.005" classname="Chrome_88_0_4324_192_(Mac_OS_11_1_0).AccountComponent"/>
  <testcase name="AccountComponent should handle get user error" time="0.004" classname="Chrome_88_0_4324_192_(Mac_OS_11_1_0).AccountComponent"/>
  <testcase name="PaymentService should add payment method" time="0.003" classname="Chrome_88_0_4324_192_(Mac_OS_11_1_0).PaymentService"/>
  <testcase name="PaymentService should make payment default" time="0.002" classname="Chrome_88_0_4324_192_(Mac_OS_11_1_0).PaymentService"/>
  <testcase name="PaymentService should remove payment method" time="0.002" classname="Chrome_88_0_4324_192_(Mac_OS_11_1_0).PaymentService"/>
  <testcase name="PaymentService should be created" time="0.002" classname="Chrome_88_0_4324_192_(Mac_OS_11_1_0).PaymentService"/>
  <testcase name="SearchComponent should add category filters" time="0.021" classname="Chrome_88_0_4324_192_(Mac_OS_11_1_0).SearchComponent"/>
  <testcase name="SearchComponent should search" time="0.01" classname="Chrome_88_0_4324_192_(Mac_OS_11_1_0).SearchComponent"/>
  <testcase name="SearchComponent should add date filter" time="0.008" classname="Chrome_88_0_4324_192_(Mac_OS_11_1_0).SearchComponent"/>
  <testcase name="SearchComponent should get all categories" time="0.007" classname="Chrome_88_0_4324_192_(Mac_OS_11_1_0).SearchComponent"/>
  <testcase name="SearchComponent should add online filter" time="0.009" classname="Chrome_88_0_4324_192_(Mac_OS_11_1_0).SearchComponent"/>
  <testcase name="SearchComponent should add location filter" time="0.008" classname="Chrome_88_0_4324_192_(Mac_OS_11_1_0).SearchComponent"/>
  <testcase name="SearchComponent should handle get all categories error" time="0.008" classname="Chrome_88_0_4324_192_(Mac_OS_11_1_0).SearchComponent"/>
  <testcase name="SearchComponent should create" time="0.011" classname="Chrome_88_0_4324_192_(Mac_OS_11_1_0).SearchComponent"/>
  <testcase name="CreateEventComponent should create" time="0.039" classname="Chrome_88_0_4324_192_(Mac_OS_11_1_0).CreateEventComponent"/>
  <testcase name="CreateEventComponent should load event data" time="0.015" classname="Chrome_88_0_4324_192_(Mac_OS_11_1_0).CreateEventComponent"/>
  <testcase name="CreateEventComponent should handle get all categories error" time="0.014" classname="Chrome_88_0_4324_192_(Mac_OS_11_1_0).CreateEventComponent"/>
  <testcase name="CreateEventComponent should get all categories on init" time="0.016" classname="Chrome_88_0_4324_192_(Mac_OS_11_1_0).CreateEventComponent"/>
  <testcase name="CreateEventComponent should disable / enable address form if online" time="0.017" classname="Chrome_88_0_4324_192_(Mac_OS_11_1_0).CreateEventComponent"/>
  <testcase name="CreateEventComponent should create event" time="0.016" classname="Chrome_88_0_4324_192_(Mac_OS_11_1_0).CreateEventComponent"/>
  <testcase name="CreateEventComponent should handle create event error" time="0.016" classname="Chrome_88_0_4324_192_(Mac_OS_11_1_0).CreateEventComponent"/>
  <testcase name="EventPreviewComponent should create" time="0.005" classname="Chrome_88_0_4324_192_(Mac_OS_11_1_0).EventPreviewComponent"/>
  <testcase name="SignalComponent should create" time="0.005" classname="Chrome_88_0_4324_192_(Mac_OS_11_1_0).SignalComponent"/>
  <testcase name="CreateAccountComponent should create" time="0.06" classname="Chrome_88_0_4324_192_(Mac_OS_11_1_0).CreateAccountComponent"/>
  <testcase name="CreateAccountComponent should create account" time="0.059" classname="Chrome_88_0_4324_192_(Mac_OS_11_1_0).CreateAccountComponent"/>
  <testcase name="CreateAccountComponent should not create account" time="0.072" classname="Chrome_88_0_4324_192_(Mac_OS_11_1_0).CreateAccountComponent"/>
  <testcase name="CreateAccountComponent should render input elements" time="0.066" classname="Chrome_88_0_4324_192_(Mac_OS_11_1_0).CreateAccountComponent"/>
  <testcase name="CreateAccountComponent form validation form should be valid" time="0.065" classname="Chrome_88_0_4324_192_(Mac_OS_11_1_0).CreateAccountComponent form validation"/>
  <testcase name="CreateAccountComponent form validation form should be invalid" time="0.053" classname="Chrome_88_0_4324_192_(Mac_OS_11_1_0).CreateAccountComponent form validation"/>
  <testcase name="CreateAccountComponent should set instance variables" time="0.045" classname="Chrome_88_0_4324_192_(Mac_OS_11_1_0).CreateAccountComponent"/>
  <testcase name="UserNavComponent should route home" time="0.038" classname="Chrome_88_0_4324_192_(Mac_OS_11_1_0).UserNavComponent"/>
  <testcase name="UserNavComponent should create" time="0.02" classname="Chrome_88_0_4324_192_(Mac_OS_11_1_0).UserNavComponent"/>
  <testcase name="UserNavComponent should logout" time="0.024" classname="Chrome_88_0_4324_192_(Mac_OS_11_1_0).UserNavComponent"/>
  <testcase name="UserNavComponent should toggle theme" time="0.018" classname="Chrome_88_0_4324_192_(Mac_OS_11_1_0).UserNavComponent"/>
  <testcase name="UserNavComponent should send user back" time="0.022" classname="Chrome_88_0_4324_192_(Mac_OS_11_1_0).UserNavComponent"/>
  <testcase name="ImageListComponent should emit image array" time="0.009" classname="Chrome_88_0_4324_192_(Mac_OS_11_1_0).ImageListComponent"/>
  <testcase name="ImageListComponent should open dialog" time="0.004" classname="Chrome_88_0_4324_192_(Mac_OS_11_1_0).ImageListComponent"/>
  <testcase name="ImageListComponent should remove image" time="0.003" classname="Chrome_88_0_4324_192_(Mac_OS_11_1_0).ImageListComponent"/>
  <testcase name="ImageListComponent should create" time="0.003" classname="Chrome_88_0_4324_192_(Mac_OS_11_1_0).ImageListComponent"/>
  <testcase name="EventConfigComponent should re-enable address form" time="0.042" classname="Chrome_88_0_4324_192_(Mac_OS_11_1_0).EventConfigComponent"/>
  <testcase name="EventConfigComponent should handle category error" time="0.018" classname="Chrome_88_0_4324_192_(Mac_OS_11_1_0).EventConfigComponent"/>
  <testcase name="EventConfigComponent should handle get event error" time="0.014" classname="Chrome_88_0_4324_192_(Mac_OS_11_1_0).EventConfigComponent"/>
  <testcase name="EventConfigComponent should disable address from" time="0.018" classname="Chrome_88_0_4324_192_(Mac_OS_11_1_0).EventConfigComponent"/>
  <testcase name="EventConfigComponent should create" time="0.016" classname="Chrome_88_0_4324_192_(Mac_OS_11_1_0).EventConfigComponent"/>
  <testcase name="CategoryComponent should render chips" time="0.012" classname="Chrome_88_0_4324_192_(Mac_OS_11_1_0).CategoryComponent"/>
  <testcase name="CategoryComponent should create" time="0.004" classname="Chrome_88_0_4324_192_(Mac_OS_11_1_0).CategoryComponent"/>
  <testcase name="CategoryComponent should remove category to list" time="0.006" classname="Chrome_88_0_4324_192_(Mac_OS_11_1_0).CategoryComponent"/>
  <testcase name="CategoryComponent should add category to list" time="0.004" classname="Chrome_88_0_4324_192_(Mac_OS_11_1_0).CategoryComponent"/>
  <testcase name="PublicNavComponent should route home" time="0.006" classname="Chrome_88_0_4324_192_(Mac_OS_11_1_0).PublicNavComponent"/>
  <testcase name="PublicNavComponent should route to login when clicked" time="0.007" classname="Chrome_88_0_4324_192_(Mac_OS_11_1_0).PublicNavComponent"/>
  <testcase name="PublicNavComponent should create" time="0.008" classname="Chrome_88_0_4324_192_(Mac_OS_11_1_0).PublicNavComponent"/>
  <testcase name="SocialComponent should create" time="0.005" classname="Chrome_88_0_4324_192_(Mac_OS_11_1_0).SocialComponent"/>
  <testcase name="SocialComponent should get image" time="0.003" classname="Chrome_88_0_4324_192_(Mac_OS_11_1_0).SocialComponent"/>
  <testcase name="UserDataComponent should create" time="0.009" classname="Chrome_88_0_4324_192_(Mac_OS_11_1_0).UserDataComponent"/>
  <testcase name="AddressFormComponent should disable form controls" time="0.007" classname="Chrome_88_0_4324_192_(Mac_OS_11_1_0).AddressFormComponent"/>
  <testcase name="AddressFormComponent should emit address" time="0.005" classname="Chrome_88_0_4324_192_(Mac_OS_11_1_0).AddressFormComponent"/>
  <testcase name="AddressFormComponent should create" time="0.004" classname="Chrome_88_0_4324_192_(Mac_OS_11_1_0).AddressFormComponent"/>
  <testcase name="AddressFormComponent should load address into form" time="0.005" classname="Chrome_88_0_4324_192_(Mac_OS_11_1_0).AddressFormComponent"/>
  <testcase name="BankAccountComponent should handle input document error" time="0.017" classname="Chrome_88_0_4324_192_(Mac_OS_11_1_0).BankAccountComponent"/>
  <testcase name="BankAccountComponent should handle attach document error" time="0.005" classname="Chrome_88_0_4324_192_(Mac_OS_11_1_0).BankAccountComponent"/>
  <testcase name="BankAccountComponent should input additional document" time="0.004" classname="Chrome_88_0_4324_192_(Mac_OS_11_1_0).BankAccountComponent"/>
  <testcase name="BankAccountComponent should handle input additional document error" time="0.008" classname="Chrome_88_0_4324_192_(Mac_OS_11_1_0).BankAccountComponent"/>
  <testcase name="BankAccountComponent should handle attach additional document error" time="0.006" classname="Chrome_88_0_4324_192_(Mac_OS_11_1_0).BankAccountComponent"/>
  <testcase name="BankAccountComponent should add bank account" time="0.005" classname="Chrome_88_0_4324_192_(Mac_OS_11_1_0).BankAccountComponent"/>
  <testcase name="BankAccountComponent should handle add bank account error" time="0.005" classname="Chrome_88_0_4324_192_(Mac_OS_11_1_0).BankAccountComponent"/>
  <testcase name="BankAccountComponent should handle stripe create token error" time="0.004" classname="Chrome_88_0_4324_192_(Mac_OS_11_1_0).BankAccountComponent"/>
  <testcase name="BankAccountComponent should create" time="0.006" classname="Chrome_88_0_4324_192_(Mac_OS_11_1_0).BankAccountComponent"/>
  <testcase name="BankAccountComponent should remove bank account" time="0.006" classname="Chrome_88_0_4324_192_(Mac_OS_11_1_0).BankAccountComponent"/>
  <testcase name="BankAccountComponent should handle remove bank account error" time="0.008" classname="Chrome_88_0_4324_192_(Mac_OS_11_1_0).BankAccountComponent"/>
  <testcase name="BankAccountComponent should set bank complete when complete" time="0.006" classname="Chrome_88_0_4324_192_(Mac_OS_11_1_0).BankAccountComponent"/>
  <testcase name="BankAccountComponent should input document" time="0.006" classname="Chrome_88_0_4324_192_(Mac_OS_11_1_0).BankAccountComponent"/>
  <testcase name="PaymentMethodsComponent should handle stripe create token error" time="0.015" classname="Chrome_88_0_4324_192_(Mac_OS_11_1_0).PaymentMethodsComponent"/>
  <testcase name="PaymentMethodsComponent should create" time="0.008" classname="Chrome_88_0_4324_192_(Mac_OS_11_1_0).PaymentMethodsComponent"/>
  <testcase name="PaymentMethodsComponent should handle add payment method error" time="0.012" classname="Chrome_88_0_4324_192_(Mac_OS_11_1_0).PaymentMethodsComponent"/>
  <testcase name="PaymentMethodsComponent should add payment method" time="0.007" classname="Chrome_88_0_4324_192_(Mac_OS_11_1_0).PaymentMethodsComponent"/>
  <testcase name="PaymentMethodsComponent should set card complete when complete" time="0.008" classname="Chrome_88_0_4324_192_(Mac_OS_11_1_0).PaymentMethodsComponent"/>
  <testcase name="EventComponent should trigger onInit when changes" time="0.021" classname="Chrome_88_0_4324_192_(Mac_OS_11_1_0).EventComponent"/>
  <testcase name="EventComponent should use preview event" time="0.005" classname="Chrome_88_0_4324_192_(Mac_OS_11_1_0).EventComponent"/>
  <testcase name="EventComponent should create" time="0.004" classname="Chrome_88_0_4324_192_(Mac_OS_11_1_0).EventComponent"/>
  <testcase name="EventComponent should get for public" time="0.003" classname="Chrome_88_0_4324_192_(Mac_OS_11_1_0).EventComponent"/>
  <testcase name="EventComponent should handle get for public error" time="0.004" classname="Chrome_88_0_4324_192_(Mac_OS_11_1_0).EventComponent"/>
  <testcase name="EventComponent should create map link" time="0.006" classname="Chrome_88_0_4324_192_(Mac_OS_11_1_0).EventComponent"/>
  <testcase name="EventComponent should create map link for preview" time="0.007" classname="Chrome_88_0_4324_192_(Mac_OS_11_1_0).EventComponent"/>
  <system-out>
    <![CDATA[Chrome 88.0.4324.192 (Mac OS 11.1.0) LOG: 'Checking auth state'
,Chrome 88.0.4324.192 (Mac OS 11.1.0) LOG: false
,Chrome 88.0.4324.192 (Mac OS 11.1.0) LOG: 'Checking auth state'
,Chrome 88.0.4324.192 (Mac OS 11.1.0) LOG: true
,Chrome 88.0.4324.192 (Mac OS 11.1.0) LOG: 'events exist', [Object{Address: undefined, Categories: [], Description: '', EndLocal: undefined, EndUTC: undefined, Id: 'Id', Images: [], IsOnline: false, Name: 'this is a host event', Price: 0, SocialLinks: [], StartLocal: undefined, StartUTC: undefined, Thumbnail: undefined, Tickets: [], TicketsLeft: 0}, Object{Address: undefined, Categories: [], Description: '', EndLocal: undefined, EndUTC: undefined, Id: 'Id', Images: [], IsOnline: false, Name: 'this is a host event', Price: 0, SocialLinks: [], StartLocal: undefined, StartUTC: undefined, Thumbnail: undefined, Tickets: [], TicketsLeft: 0}, Object{Address: undefined, Categories: [], Description: '', EndLocal: undefined, EndUTC: undefined, Id: 'Id', Images: [], IsOnline: false, Name: 'this is a host event', Price: 0, SocialLinks: [], StartLocal: undefined, StartUTC: undefined, Thumbnail: undefined, Tickets: [], TicketsLeft: 0}]
,Chrome 88.0.4324.192 (Mac OS 11.1.0) LOG: 'There is no user'
,Chrome 88.0.4324.192 (Mac OS 11.1.0) LOG: 'Client has token saved, getting user', null
,Chrome 88.0.4324.192 (Mac OS 11.1.0) LOG: Object{Avatar: '', Id: '', IsDarkMode: false, Token: '', UserName: ''}
,Chrome 88.0.4324.192 (Mac OS 11.1.0) LOG: 'There is no user'
,Chrome 88.0.4324.192 (Mac OS 11.1.0) LOG: Object{Avatar: '', Id: '', IsDarkMode: false, Token: 'eyJhbGciOiJIUzI1NiIsInR5cCI6IkpXVCJ9.eyJzdWIiOiIxMjM0NTY3ODkwIiwibmFtZSI6IkpvaG4gRG9lIiwiaWF0IjoxNTE2MjM5MDIyfQ.SflKxwRJSMeKKF2QT4fwpMeJf36POk6yJV_adQssw5c', UserName: ''}
,Chrome 88.0.4324.192 (Mac OS 11.1.0) LOG: Object{Avatar: '', Id: '', IsDarkMode: false, Token: '', UserName: ''}
,Chrome 88.0.4324.192 (Mac OS 11.1.0) LOG: undefined
,Chrome 88.0.4324.192 (Mac OS 11.1.0) LOG: Object{username: 'name'}
,Chrome 88.0.4324.192 (Mac OS 11.1.0) LOG: undefined
,Chrome 88.0.4324.192 (Mac OS 11.1.0) ERROR: 'NG0304: 'mat-dialog-actions' is not a known element:
1. If 'mat-dialog-actions' is an Angular component, then verify that it is part of this module.
2. If 'mat-dialog-actions' is a Web Component then add 'CUSTOM_ELEMENTS_SCHEMA' to the '@NgModule.schemas' of this component to suppress this message.'
,Chrome 88.0.4324.192 (Mac OS 11.1.0) ERROR: 'NG0304: 'mat-dialog-actions' is not a known element:
1. If 'mat-dialog-actions' is an Angular component, then verify that it is part of this module.
2. If 'mat-dialog-actions' is a Web Component then add 'CUSTOM_ELEMENTS_SCHEMA' to the '@NgModule.schemas' of this component to suppress this message.'
,Chrome 88.0.4324.192 (Mac OS 11.1.0) ERROR: 'NG0304: 'mat-dialog-actions' is not a known element:
1. If 'mat-dialog-actions' is an Angular component, then verify that it is part of this module.
2. If 'mat-dialog-actions' is a Web Component then add 'CUSTOM_ELEMENTS_SCHEMA' to the '@NgModule.schemas' of this component to suppress this message.'
,Chrome 88.0.4324.192 (Mac OS 11.1.0) ERROR: 'NG0304: 'mat-dialog-actions' is not a known element:
1. If 'mat-dialog-actions' is an Angular component, then verify that it is part of this module.
2. If 'mat-dialog-actions' is a Web Component then add 'CUSTOM_ELEMENTS_SCHEMA' to the '@NgModule.schemas' of this component to suppress this message.'
,Chrome 88.0.4324.192 (Mac OS 11.1.0) ERROR: 'NG0304: 'mat-dialog-actions' is not a known element:
1. If 'mat-dialog-actions' is an Angular component, then verify that it is part of this module.
2. If 'mat-dialog-actions' is a Web Component then add 'CUSTOM_ELEMENTS_SCHEMA' to the '@NgModule.schemas' of this component to suppress this message.'
,Chrome 88.0.4324.192 (Mac OS 11.1.0) ERROR: 'NG0304: 'mat-dialog-actions' is not a known element:
1. If 'mat-dialog-actions' is an Angular component, then verify that it is part of this module.
2. If 'mat-dialog-actions' is a Web Component then add 'CUSTOM_ELEMENTS_SCHEMA' to the '@NgModule.schemas' of this component to suppress this message.'
,Chrome 88.0.4324.192 (Mac OS 11.1.0) ERROR: 'NG0304: 'mat-card' is not a known element:
1. If 'mat-card' is an Angular component, then verify that it is part of this module.
2. If 'mat-card' is a Web Component then add 'CUSTOM_ELEMENTS_SCHEMA' to the '@NgModule.schemas' of this component to suppress this message.'
,Chrome 88.0.4324.192 (Mac OS 11.1.0) ERROR: 'NG0304: 'mat-card-header' is not a known element:
1. If 'mat-card-header' is an Angular component, then verify that it is part of this module.
2. If 'mat-card-header' is a Web Component then add 'CUSTOM_ELEMENTS_SCHEMA' to the '@NgModule.schemas' of this component to suppress this message.'
,Chrome 88.0.4324.192 (Mac OS 11.1.0) ERROR: 'NG0304: 'mat-icon' is not a known element:
1. If 'mat-icon' is an Angular component, then verify that it is part of this module.
2. If 'mat-icon' is a Web Component then add 'CUSTOM_ELEMENTS_SCHEMA' to the '@NgModule.schemas' of this component to suppress this message.'
,Chrome 88.0.4324.192 (Mac OS 11.1.0) ERROR: 'NG0304: 'mat-card-title' is not a known element:
1. If 'mat-card-title' is an Angular component, then verify that it is part of this module.
2. If 'mat-card-title' is a Web Component then add 'CUSTOM_ELEMENTS_SCHEMA' to the '@NgModule.schemas' of this component to suppress this message.'
,Chrome 88.0.4324.192 (Mac OS 11.1.0) ERROR: 'NG0304: 'mat-card-subtitle' is not a known element:
1. If 'mat-card-subtitle' is an Angular component, then verify that it is part of this module.
2. If 'mat-card-subtitle' is a Web Component then add 'CUSTOM_ELEMENTS_SCHEMA' to the '@NgModule.schemas' of this component to suppress this message.'
,Chrome 88.0.4324.192 (Mac OS 11.1.0) ERROR: 'NG0304: 'mat-card-content' is not a known element:
1. If 'mat-card-content' is an Angular component, then verify that it is part of this module.
2. If 'mat-card-content' is a Web Component then add 'CUSTOM_ELEMENTS_SCHEMA' to the '@NgModule.schemas' of this component to suppress this message.'
,Chrome 88.0.4324.192 (Mac OS 11.1.0) ERROR: 'NG0304: 'mat-icon' is not a known element:
1. If 'mat-icon' is an Angular component, then verify that it is part of this module.
2. If 'mat-icon' is a Web Component then add 'CUSTOM_ELEMENTS_SCHEMA' to the '@NgModule.schemas' of this component to suppress this message.'
,Chrome 88.0.4324.192 (Mac OS 11.1.0) ERROR: 'NG0304: 'mat-card-footer' is not a known element:
1. If 'mat-card-footer' is an Angular component, then verify that it is part of this module.
2. If 'mat-card-footer' is a Web Component then add 'CUSTOM_ELEMENTS_SCHEMA' to the '@NgModule.schemas' of this component to suppress this message.'
,Chrome 88.0.4324.192 (Mac OS 11.1.0) ERROR: 'NG0304: 'mat-error' is not a known element:
1. If 'mat-error' is an Angular component, then verify that it is part of this module.
2. If 'mat-error' is a Web Component then add 'CUSTOM_ELEMENTS_SCHEMA' to the '@NgModule.schemas' of this component to suppress this message.'
,Chrome 88.0.4324.192 (Mac OS 11.1.0) ERROR: 'NG0304: 'mat-card' is not a known element:
1. If 'mat-card' is an Angular component, then verify that it is part of this module.
2. If 'mat-card' is a Web Component then add 'CUSTOM_ELEMENTS_SCHEMA' to the '@NgModule.schemas' of this component to suppress this message.'
,Chrome 88.0.4324.192 (Mac OS 11.1.0) ERROR: 'NG0304: 'mat-card-header' is not a known element:
1. If 'mat-card-header' is an Angular component, then verify that it is part of this module.
2. If 'mat-card-header' is a Web Component then add 'CUSTOM_ELEMENTS_SCHEMA' to the '@NgModule.schemas' of this component to suppress this message.'
,Chrome 88.0.4324.192 (Mac OS 11.1.0) ERROR: 'NG0304: 'mat-icon' is not a known element:
1. If 'mat-icon' is an Angular component, then verify that it is part of this module.
2. If 'mat-icon' is a Web Component then add 'CUSTOM_ELEMENTS_SCHEMA' to the '@NgModule.schemas' of this component to suppress this message.'
,Chrome 88.0.4324.192 (Mac OS 11.1.0) ERROR: 'NG0304: 'mat-card-title' is not a known element:
1. If 'mat-card-title' is an Angular component, then verify that it is part of this module.
2. If 'mat-card-title' is a Web Component then add 'CUSTOM_ELEMENTS_SCHEMA' to the '@NgModule.schemas' of this component to suppress this message.'
,Chrome 88.0.4324.192 (Mac OS 11.1.0) ERROR: 'NG0304: 'mat-card-content' is not a known element:
1. If 'mat-card-content' is an Angular component, then verify that it is part of this module.
2. If 'mat-card-content' is a Web Component then add 'CUSTOM_ELEMENTS_SCHEMA' to the '@NgModule.schemas' of this component to suppress this message.'
,Chrome 88.0.4324.192 (Mac OS 11.1.0) ERROR: 'NG0304: 'mat-form-field' is not a known element:
1. If 'mat-form-field' is an Angular component, then verify that it is part of this module.
2. If 'mat-form-field' is a Web Component then add 'CUSTOM_ELEMENTS_SCHEMA' to the '@NgModule.schemas' of this component to suppress this message.'
,Chrome 88.0.4324.192 (Mac OS 11.1.0) ERROR: 'NG0304: 'mat-label' is not a known element:
1. If 'mat-label' is an Angular component, then verify that it is part of this module.
2. If 'mat-label' is a Web Component then add 'CUSTOM_ELEMENTS_SCHEMA' to the '@NgModule.schemas' of this component to suppress this message.'
,Chrome 88.0.4324.192 (Mac OS 11.1.0) ERROR: 'NG0304: 'mat-form-field' is not a known element:
1. If 'mat-form-field' is an Angular component, then verify that it is part of this module.
2. If 'mat-form-field' is a Web Component then add 'CUSTOM_ELEMENTS_SCHEMA' to the '@NgModule.schemas' of this component to suppress this message.'
,Chrome 88.0.4324.192 (Mac OS 11.1.0) ERROR: 'NG0304: 'mat-label' is not a known element:
1. If 'mat-label' is an Angular component, then verify that it is part of this module.
2. If 'mat-label' is a Web Component then add 'CUSTOM_ELEMENTS_SCHEMA' to the '@NgModule.schemas' of this component to suppress this message.'
,Chrome 88.0.4324.192 (Mac OS 11.1.0) ERROR: 'NG0304: 'mat-icon' is not a known element:
1. If 'mat-icon' is an Angular component, then verify that it is part of this module.
2. If 'mat-icon' is a Web Component then add 'CUSTOM_ELEMENTS_SCHEMA' to the '@NgModule.schemas' of this component to suppress this message.'
,Chrome 88.0.4324.192 (Mac OS 11.1.0) ERROR: 'NG0304: 'mat-form-field' is not a known element:
1. If 'mat-form-field' is an Angular component, then verify that it is part of this module.
2. If 'mat-form-field' is a Web Component then add 'CUSTOM_ELEMENTS_SCHEMA' to the '@NgModule.schemas' of this component to suppress this message.'
,Chrome 88.0.4324.192 (Mac OS 11.1.0) ERROR: 'NG0304: 'mat-label' is not a known element:
1. If 'mat-label' is an Angular component, then verify that it is part of this module.
2. If 'mat-label' is a Web Component then add 'CUSTOM_ELEMENTS_SCHEMA' to the '@NgModule.schemas' of this component to suppress this message.'
,Chrome 88.0.4324.192 (Mac OS 11.1.0) ERROR: 'NG0304: 'mat-form-field' is not a known element:
1. If 'mat-form-field' is an Angular component, then verify that it is part of this module.
2. If 'mat-form-field' is a Web Component then add 'CUSTOM_ELEMENTS_SCHEMA' to the '@NgModule.schemas' of this component to suppress this message.'
,Chrome 88.0.4324.192 (Mac OS 11.1.0) ERROR: 'NG0304: 'mat-label' is not a known element:
1. If 'mat-label' is an Angular component, then verify that it is part of this module.
2. If 'mat-label' is a Web Component then add 'CUSTOM_ELEMENTS_SCHEMA' to the '@NgModule.schemas' of this component to suppress this message.'
,Chrome 88.0.4324.192 (Mac OS 11.1.0) ERROR: 'NG0304: 'mat-form-field' is not a known element:
1. If 'mat-form-field' is an Angular component, then verify that it is part of this module.
2. If 'mat-form-field' is a Web Component then add 'CUSTOM_ELEMENTS_SCHEMA' to the '@NgModule.schemas' of this component to suppress this message.'
,Chrome 88.0.4324.192 (Mac OS 11.1.0) ERROR: 'NG0304: 'mat-label' is not a known element:
1. If 'mat-label' is an Angular component, then verify that it is part of this module.
2. If 'mat-label' is a Web Component then add 'CUSTOM_ELEMENTS_SCHEMA' to the '@NgModule.schemas' of this component to suppress this message.'
,Chrome 88.0.4324.192 (Mac OS 11.1.0) ERROR: 'NG0304: 'mat-card-footer' is not a known element:
1. If 'mat-card-footer' is an Angular component, then verify that it is part of this module.
2. If 'mat-card-footer' is a Web Component then add 'CUSTOM_ELEMENTS_SCHEMA' to the '@NgModule.schemas' of this component to suppress this message.'
,Chrome 88.0.4324.192 (Mac OS 11.1.0) ERROR: 'NG0304: 'mat-card' is not a known element:
1. If 'mat-card' is an Angular component, then verify that it is part of this module.
2. If 'mat-card' is a Web Component then add 'CUSTOM_ELEMENTS_SCHEMA' to the '@NgModule.schemas' of this component to suppress this message.'
,Chrome 88.0.4324.192 (Mac OS 11.1.0) ERROR: 'NG0304: 'mat-card-header' is not a known element:
1. If 'mat-card-header' is an Angular component, then verify that it is part of this module.
2. If 'mat-card-header' is a Web Component then add 'CUSTOM_ELEMENTS_SCHEMA' to the '@NgModule.schemas' of this component to suppress this message.'
,Chrome 88.0.4324.192 (Mac OS 11.1.0) ERROR: 'NG0304: 'mat-icon' is not a known element:
1. If 'mat-icon' is an Angular component, then verify that it is part of this module.
2. If 'mat-icon' is a Web Component then add 'CUSTOM_ELEMENTS_SCHEMA' to the '@NgModule.schemas' of this component to suppress this message.'
,Chrome 88.0.4324.192 (Mac OS 11.1.0) ERROR: 'NG0304: 'mat-card-title' is not a known element:
1. If 'mat-card-title' is an Angular component, then verify that it is part of this module.
2. If 'mat-card-title' is a Web Component then add 'CUSTOM_ELEMENTS_SCHEMA' to the '@NgModule.schemas' of this component to suppress this message.'
,Chrome 88.0.4324.192 (Mac OS 11.1.0) ERROR: 'NG0304: 'mat-card-subtitle' is not a known element:
1. If 'mat-card-subtitle' is an Angular component, then verify that it is part of this module.
2. If 'mat-card-subtitle' is a Web Component then add 'CUSTOM_ELEMENTS_SCHEMA' to the '@NgModule.schemas' of this component to suppress this message.'
,Chrome 88.0.4324.192 (Mac OS 11.1.0) ERROR: 'NG0304: 'address-form' is not a known element:
1. If 'address-form' is an Angular component, then verify that it is part of this module.
2. If 'address-form' is a Web Component then add 'CUSTOM_ELEMENTS_SCHEMA' to the '@NgModule.schemas' of this component to suppress this message.'
,Chrome 88.0.4324.192 (Mac OS 11.1.0) ERROR: 'NG0304: 'mat-card' is not a known element:
1. If 'mat-card' is an Angular component, then verify that it is part of this module.
2. If 'mat-card' is a Web Component then add 'CUSTOM_ELEMENTS_SCHEMA' to the '@NgModule.schemas' of this component to suppress this message.'
,Chrome 88.0.4324.192 (Mac OS 11.1.0) ERROR: 'NG0304: 'mat-card-header' is not a known element:
1. If 'mat-card-header' is an Angular component, then verify that it is part of this module.
2. If 'mat-card-header' is a Web Component then add 'CUSTOM_ELEMENTS_SCHEMA' to the '@NgModule.schemas' of this component to suppress this message.'
,Chrome 88.0.4324.192 (Mac OS 11.1.0) ERROR: 'NG0304: 'mat-icon' is not a known element:
1. If 'mat-icon' is an Angular component, then verify that it is part of this module.
2. If 'mat-icon' is a Web Component then add 'CUSTOM_ELEMENTS_SCHEMA' to the '@NgModule.schemas' of this component to suppress this message.'
,Chrome 88.0.4324.192 (Mac OS 11.1.0) ERROR: 'NG0304: 'mat-card-title' is not a known element:
1. If 'mat-card-title' is an Angular component, then verify that it is part of this module.
2. If 'mat-card-title' is a Web Component then add 'CUSTOM_ELEMENTS_SCHEMA' to the '@NgModule.schemas' of this component to suppress this message.'
,Chrome 88.0.4324.192 (Mac OS 11.1.0) ERROR: 'NG0304: 'mat-card-subtitle' is not a known element:
1. If 'mat-card-subtitle' is an Angular component, then verify that it is part of this module.
2. If 'mat-card-subtitle' is a Web Component then add 'CUSTOM_ELEMENTS_SCHEMA' to the '@NgModule.schemas' of this component to suppress this message.'
,Chrome 88.0.4324.192 (Mac OS 11.1.0) ERROR: 'NG0304: 'mat-card-content' is not a known element:
1. If 'mat-card-content' is an Angular component, then verify that it is part of this module.
2. If 'mat-card-content' is a Web Component then add 'CUSTOM_ELEMENTS_SCHEMA' to the '@NgModule.schemas' of this component to suppress this message.'
,Chrome 88.0.4324.192 (Mac OS 11.1.0) ERROR: 'NG0304: 'mat-form-field' is not a known element:
1. If 'mat-form-field' is an Angular component, then verify that it is part of this module.
2. If 'mat-form-field' is a Web Component then add 'CUSTOM_ELEMENTS_SCHEMA' to the '@NgModule.schemas' of this component to suppress this message.'
,Chrome 88.0.4324.192 (Mac OS 11.1.0) ERROR: 'NG0304: 'mat-label' is not a known element:
1. If 'mat-label' is an Angular component, then verify that it is part of this module.
2. If 'mat-label' is a Web Component then add 'CUSTOM_ELEMENTS_SCHEMA' to the '@NgModule.schemas' of this component to suppress this message.'
,Chrome 88.0.4324.192 (Mac OS 11.1.0) ERROR: 'NG0304: 'mat-error' is not a known element:
1. If 'mat-error' is an Angular component, then verify that it is part of this module.
2. If 'mat-error' is a Web Component then add 'CUSTOM_ELEMENTS_SCHEMA' to the '@NgModule.schemas' of this component to suppress this message.'
,Chrome 88.0.4324.192 (Mac OS 11.1.0) ERROR: 'NG0304: 'mat-form-field' is not a known element:
1. If 'mat-form-field' is an Angular component, then verify that it is part of this module.
2. If 'mat-form-field' is a Web Component then add 'CUSTOM_ELEMENTS_SCHEMA' to the '@NgModule.schemas' of this component to suppress this message.'
,Chrome 88.0.4324.192 (Mac OS 11.1.0) ERROR: 'NG0304: 'mat-label' is not a known element:
1. If 'mat-label' is an Angular component, then verify that it is part of this module.
2. If 'mat-label' is a Web Component then add 'CUSTOM_ELEMENTS_SCHEMA' to the '@NgModule.schemas' of this component to suppress this message.'
,Chrome 88.0.4324.192 (Mac OS 11.1.0) ERROR: 'NG0304: 'mat-icon' is not a known element:
1. If 'mat-icon' is an Angular component, then verify that it is part of this module.
2. If 'mat-icon' is a Web Component then add 'CUSTOM_ELEMENTS_SCHEMA' to the '@NgModule.schemas' of this component to suppress this message.'
,Chrome 88.0.4324.192 (Mac OS 11.1.0) ERROR: 'NG0304: 'mat-card-footer' is not a known element:
1. If 'mat-card-footer' is an Angular component, then verify that it is part of this module.
2. If 'mat-card-footer' is a Web Component then add 'CUSTOM_ELEMENTS_SCHEMA' to the '@NgModule.schemas' of this component to suppress this message.'
,Chrome 88.0.4324.192 (Mac OS 11.1.0) ERROR: 'NG0304: 'mat-icon' is not a known element:
1. If 'mat-icon' is an Angular component, then verify that it is part of this module.
2. If 'mat-icon' is a Web Component then add 'CUSTOM_ELEMENTS_SCHEMA' to the '@NgModule.schemas' of this component to suppress this message.'
,Chrome 88.0.4324.192 (Mac OS 11.1.0) ERROR: 'NG0303: Can't bind to 'formControl' since it isn't a known property of 'input'.'
,Chrome 88.0.4324.192 (Mac OS 11.1.0) ERROR: 'NG0303: Can't bind to 'Address' since it isn't a known property of 'address-form'.'
,Chrome 88.0.4324.192 (Mac OS 11.1.0) ERROR: 'NG0303: Can't bind to 'Disabled' since it isn't a known property of 'address-form'.'
,Chrome 88.0.4324.192 (Mac OS 11.1.0) ERROR: 'NG0303: Can't bind to 'formGroup' since it isn't a known property of 'form'.'
,Chrome 88.0.4324.192 (Mac OS 11.1.0) ERROR: 'NG0304: 'mat-error' is not a known element:
1. If 'mat-error' is an Angular component, then verify that it is part of this module.
2. If 'mat-error' is a Web Component then add 'CUSTOM_ELEMENTS_SCHEMA' to the '@NgModule.schemas' of this component to suppress this message.'
,Chrome 88.0.4324.192 (Mac OS 11.1.0) ERROR: 'NG0304: 'mat-card' is not a known element:
1. If 'mat-card' is an Angular component, then verify that it is part of this module.
2. If 'mat-card' is a Web Component then add 'CUSTOM_ELEMENTS_SCHEMA' to the '@NgModule.schemas' of this component to suppress this message.'
,Chrome 88.0.4324.192 (Mac OS 11.1.0) ERROR: 'NG0304: 'mat-card-header' is not a known element:
1. If 'mat-card-header' is an Angular component, then verify that it is part of this module.
2. If 'mat-card-header' is a Web Component then add 'CUSTOM_ELEMENTS_SCHEMA' to the '@NgModule.schemas' of this component to suppress this message.'
,Chrome 88.0.4324.192 (Mac OS 11.1.0) ERROR: 'NG0304: 'mat-icon' is not a known element:
1. If 'mat-icon' is an Angular component, then verify that it is part of this module.
2. If 'mat-icon' is a Web Component then add 'CUSTOM_ELEMENTS_SCHEMA' to the '@NgModule.schemas' of this component to suppress this message.'
,Chrome 88.0.4324.192 (Mac OS 11.1.0) ERROR: 'NG0304: 'mat-card-title' is not a known element:
1. If 'mat-card-title' is an Angular component, then verify that it is part of this module.
2. If 'mat-card-title' is a Web Component then add 'CUSTOM_ELEMENTS_SCHEMA' to the '@NgModule.schemas' of this component to suppress this message.'
,Chrome 88.0.4324.192 (Mac OS 11.1.0) ERROR: 'NG0304: 'mat-card-subtitle' is not a known element:
1. If 'mat-card-subtitle' is an Angular component, then verify that it is part of this module.
2. If 'mat-card-subtitle' is a Web Component then add 'CUSTOM_ELEMENTS_SCHEMA' to the '@NgModule.schemas' of this component to suppress this message.'
,Chrome 88.0.4324.192 (Mac OS 11.1.0) ERROR: 'NG0304: 'mat-card-content' is not a known element:
1. If 'mat-card-content' is an Angular component, then verify that it is part of this module.
2. If 'mat-card-content' is a Web Component then add 'CUSTOM_ELEMENTS_SCHEMA' to the '@NgModule.schemas' of this component to suppress this message.'
,Chrome 88.0.4324.192 (Mac OS 11.1.0) ERROR: 'NG0304: 'mat-icon' is not a known element:
1. If 'mat-icon' is an Angular component, then verify that it is part of this module.
2. If 'mat-icon' is a Web Component then add 'CUSTOM_ELEMENTS_SCHEMA' to the '@NgModule.schemas' of this component to suppress this message.'
,Chrome 88.0.4324.192 (Mac OS 11.1.0) ERROR: 'NG0304: 'mat-card-footer' is not a known element:
1. If 'mat-card-footer' is an Angular component, then verify that it is part of this module.
2. If 'mat-card-footer' is a Web Component then add 'CUSTOM_ELEMENTS_SCHEMA' to the '@NgModule.schemas' of this component to suppress this message.'
,Chrome 88.0.4324.192 (Mac OS 11.1.0) ERROR: 'NG0304: 'mat-error' is not a known element:
1. If 'mat-error' is an Angular component, then verify that it is part of this module.
2. If 'mat-error' is a Web Component then add 'CUSTOM_ELEMENTS_SCHEMA' to the '@NgModule.schemas' of this component to suppress this message.'
,Chrome 88.0.4324.192 (Mac OS 11.1.0) ERROR: 'NG0304: 'mat-card' is not a known element:
1. If 'mat-card' is an Angular component, then verify that it is part of this module.
2. If 'mat-card' is a Web Component then add 'CUSTOM_ELEMENTS_SCHEMA' to the '@NgModule.schemas' of this component to suppress this message.'
,Chrome 88.0.4324.192 (Mac OS 11.1.0) ERROR: 'NG0304: 'mat-card-header' is not a known element:
1. If 'mat-card-header' is an Angular component, then verify that it is part of this module.
2. If 'mat-card-header' is a Web Component then add 'CUSTOM_ELEMENTS_SCHEMA' to the '@NgModule.schemas' of this component to suppress this message.'
,Chrome 88.0.4324.192 (Mac OS 11.1.0) ERROR: 'NG0304: 'mat-icon' is not a known element:
1. If 'mat-icon' is an Angular component, then verify that it is part of this module.
2. If 'mat-icon' is a Web Component then add 'CUSTOM_ELEMENTS_SCHEMA' to the '@NgModule.schemas' of this component to suppress this message.'
,Chrome 88.0.4324.192 (Mac OS 11.1.0) ERROR: 'NG0304: 'mat-card-title' is not a known element:
1. If 'mat-card-title' is an Angular component, then verify that it is part of this module.
2. If 'mat-card-title' is a Web Component then add 'CUSTOM_ELEMENTS_SCHEMA' to the '@NgModule.schemas' of this component to suppress this message.'
,Chrome 88.0.4324.192 (Mac OS 11.1.0) ERROR: 'NG0304: 'mat-card-content' is not a known element:
1. If 'mat-card-content' is an Angular component, then verify that it is part of this module.
2. If 'mat-card-content' is a Web Component then add 'CUSTOM_ELEMENTS_SCHEMA' to the '@NgModule.schemas' of this component to suppress this message.'
,Chrome 88.0.4324.192 (Mac OS 11.1.0) ERROR: 'NG0304: 'mat-form-field' is not a known element:
1. If 'mat-form-field' is an Angular component, then verify that it is part of this module.
2. If 'mat-form-field' is a Web Component then add 'CUSTOM_ELEMENTS_SCHEMA' to the '@NgModule.schemas' of this component to suppress this message.'
,Chrome 88.0.4324.192 (Mac OS 11.1.0) ERROR: 'NG0304: 'mat-label' is not a known element:
1. If 'mat-label' is an Angular component, then verify that it is part of this module.
2. If 'mat-label' is a Web Component then add 'CUSTOM_ELEMENTS_SCHEMA' to the '@NgModule.schemas' of this component to suppress this message.'
,Chrome 88.0.4324.192 (Mac OS 11.1.0) ERROR: 'NG0304: 'mat-form-field' is not a known element:
1. If 'mat-form-field' is an Angular component, then verify that it is part of this module.
2. If 'mat-form-field' is a Web Component then add 'CUSTOM_ELEMENTS_SCHEMA' to the '@NgModule.schemas' of this component to suppress this message.'
,Chrome 88.0.4324.192 (Mac OS 11.1.0) ERROR: 'NG0304: 'mat-label' is not a known element:
1. If 'mat-label' is an Angular component, then verify that it is part of this module.
2. If 'mat-label' is a Web Component then add 'CUSTOM_ELEMENTS_SCHEMA' to the '@NgModule.schemas' of this component to suppress this message.'
,Chrome 88.0.4324.192 (Mac OS 11.1.0) ERROR: 'NG0304: 'mat-icon' is not a known element:
1. If 'mat-icon' is an Angular component, then verify that it is part of this module.
2. If 'mat-icon' is a Web Component then add 'CUSTOM_ELEMENTS_SCHEMA' to the '@NgModule.schemas' of this component to suppress this message.'
,Chrome 88.0.4324.192 (Mac OS 11.1.0) ERROR: 'NG0304: 'mat-form-field' is not a known element:
1. If 'mat-form-field' is an Angular component, then verify that it is part of this module.
2. If 'mat-form-field' is a Web Component then add 'CUSTOM_ELEMENTS_SCHEMA' to the '@NgModule.schemas' of this component to suppress this message.'
,Chrome 88.0.4324.192 (Mac OS 11.1.0) ERROR: 'NG0304: 'mat-label' is not a known element:
1. If 'mat-label' is an Angular component, then verify that it is part of this module.
2. If 'mat-label' is a Web Component then add 'CUSTOM_ELEMENTS_SCHEMA' to the '@NgModule.schemas' of this component to suppress this message.'
,Chrome 88.0.4324.192 (Mac OS 11.1.0) ERROR: 'NG0304: 'mat-form-field' is not a known element:
1. If 'mat-form-field' is an Angular component, then verify that it is part of this module.
2. If 'mat-form-field' is a Web Component then add 'CUSTOM_ELEMENTS_SCHEMA' to the '@NgModule.schemas' of this component to suppress this message.'
,Chrome 88.0.4324.192 (Mac OS 11.1.0) ERROR: 'NG0304: 'mat-label' is not a known element:
1. If 'mat-label' is an Angular component, then verify that it is part of this module.
2. If 'mat-label' is a Web Component then add 'CUSTOM_ELEMENTS_SCHEMA' to the '@NgModule.schemas' of this component to suppress this message.'
,Chrome 88.0.4324.192 (Mac OS 11.1.0) ERROR: 'NG0304: 'mat-form-field' is not a known element:
1. If 'mat-form-field' is an Angular component, then verify that it is part of this module.
2. If 'mat-form-field' is a Web Component then add 'CUSTOM_ELEMENTS_SCHEMA' to the '@NgModule.schemas' of this component to suppress this message.'
,Chrome 88.0.4324.192 (Mac OS 11.1.0) ERROR: 'NG0304: 'mat-label' is not a known element:
1. If 'mat-label' is an Angular component, then verify that it is part of this module.
2. If 'mat-label' is a Web Component then add 'CUSTOM_ELEMENTS_SCHEMA' to the '@NgModule.schemas' of this component to suppress this message.'
,Chrome 88.0.4324.192 (Mac OS 11.1.0) ERROR: 'NG0304: 'mat-card-footer' is not a known element:
1. If 'mat-card-footer' is an Angular component, then verify that it is part of this module.
2. If 'mat-card-footer' is a Web Component then add 'CUSTOM_ELEMENTS_SCHEMA' to the '@NgModule.schemas' of this component to suppress this message.'
,Chrome 88.0.4324.192 (Mac OS 11.1.0) ERROR: 'NG0304: 'mat-card' is not a known element:
1. If 'mat-card' is an Angular component, then verify that it is part of this module.
2. If 'mat-card' is a Web Component then add 'CUSTOM_ELEMENTS_SCHEMA' to the '@NgModule.schemas' of this component to suppress this message.'
,Chrome 88.0.4324.192 (Mac OS 11.1.0) ERROR: 'NG0304: 'mat-card-header' is not a known element:
1. If 'mat-card-header' is an Angular component, then verify that it is part of this module.
2. If 'mat-card-header' is a Web Component then add 'CUSTOM_ELEMENTS_SCHEMA' to the '@NgModule.schemas' of this component to suppress this message.'
,Chrome 88.0.4324.192 (Mac OS 11.1.0) ERROR: 'NG0304: 'mat-icon' is not a known element:
1. If 'mat-icon' is an Angular component, then verify that it is part of this module.
2. If 'mat-icon' is a Web Component then add 'CUSTOM_ELEMENTS_SCHEMA' to the '@NgModule.schemas' of this component to suppress this message.'
,Chrome 88.0.4324.192 (Mac OS 11.1.0) ERROR: 'NG0304: 'mat-card-title' is not a known element:
1. If 'mat-card-title' is an Angular component, then verify that it is part of this module.
2. If 'mat-card-title' is a Web Component then add 'CUSTOM_ELEMENTS_SCHEMA' to the '@NgModule.schemas' of this component to suppress this message.'
,Chrome 88.0.4324.192 (Mac OS 11.1.0) ERROR: 'NG0304: 'mat-card-subtitle' is not a known element:
1. If 'mat-card-subtitle' is an Angular component, then verify that it is part of this module.
2. If 'mat-card-subtitle' is a Web Component then add 'CUSTOM_ELEMENTS_SCHEMA' to the '@NgModule.schemas' of this component to suppress this message.'
,Chrome 88.0.4324.192 (Mac OS 11.1.0) ERROR: 'NG0304: 'address-form' is not a known element:
1. If 'address-form' is an Angular component, then verify that it is part of this module.
2. If 'address-form' is a Web Component then add 'CUSTOM_ELEMENTS_SCHEMA' to the '@NgModule.schemas' of this component to suppress this message.'
,Chrome 88.0.4324.192 (Mac OS 11.1.0) ERROR: 'NG0304: 'mat-card' is not a known element:
1. If 'mat-card' is an Angular component, then verify that it is part of this module.
2. If 'mat-card' is a Web Component then add 'CUSTOM_ELEMENTS_SCHEMA' to the '@NgModule.schemas' of this component to suppress this message.'
,Chrome 88.0.4324.192 (Mac OS 11.1.0) ERROR: 'NG0304: 'mat-card-header' is not a known element:
1. If 'mat-card-header' is an Angular component, then verify that it is part of this module.
2. If 'mat-card-header' is a Web Component then add 'CUSTOM_ELEMENTS_SCHEMA' to the '@NgModule.schemas' of this component to suppress this message.'
,Chrome 88.0.4324.192 (Mac OS 11.1.0) ERROR: 'NG0304: 'mat-icon' is not a known element:
1. If 'mat-icon' is an Angular component, then verify that it is part of this module.
2. If 'mat-icon' is a Web Component then add 'CUSTOM_ELEMENTS_SCHEMA' to the '@NgModule.schemas' of this component to suppress this message.'
,Chrome 88.0.4324.192 (Mac OS 11.1.0) ERROR: 'NG0304: 'mat-card-title' is not a known element:
1. If 'mat-card-title' is an Angular component, then verify that it is part of this module.
2. If 'mat-card-title' is a Web Component then add 'CUSTOM_ELEMENTS_SCHEMA' to the '@NgModule.schemas' of this component to suppress this message.'
,Chrome 88.0.4324.192 (Mac OS 11.1.0) ERROR: 'NG0304: 'mat-card-subtitle' is not a known element:
1. If 'mat-card-subtitle' is an Angular component, then verify that it is part of this module.
2. If 'mat-card-subtitle' is a Web Component then add 'CUSTOM_ELEMENTS_SCHEMA' to the '@NgModule.schemas' of this component to suppress this message.'
,Chrome 88.0.4324.192 (Mac OS 11.1.0) ERROR: 'NG0304: 'mat-card-content' is not a known element:
1. If 'mat-card-content' is an Angular component, then verify that it is part of this module.
2. If 'mat-card-content' is a Web Component then add 'CUSTOM_ELEMENTS_SCHEMA' to the '@NgModule.schemas' of this component to suppress this message.'
,Chrome 88.0.4324.192 (Mac OS 11.1.0) ERROR: 'NG0304: 'mat-form-field' is not a known element:
1. If 'mat-form-field' is an Angular component, then verify that it is part of this module.
2. If 'mat-form-field' is a Web Component then add 'CUSTOM_ELEMENTS_SCHEMA' to the '@NgModule.schemas' of this component to suppress this message.'
,Chrome 88.0.4324.192 (Mac OS 11.1.0) ERROR: 'NG0304: 'mat-label' is not a known element:
1. If 'mat-label' is an Angular component, then verify that it is part of this module.
2. If 'mat-label' is a Web Component then add 'CUSTOM_ELEMENTS_SCHEMA' to the '@NgModule.schemas' of this component to suppress this message.'
,Chrome 88.0.4324.192 (Mac OS 11.1.0) ERROR: 'NG0304: 'mat-error' is not a known element:
1. If 'mat-error' is an Angular component, then verify that it is part of this module.
2. If 'mat-error' is a Web Component then add 'CUSTOM_ELEMENTS_SCHEMA' to the '@NgModule.schemas' of this component to suppress this message.'
,Chrome 88.0.4324.192 (Mac OS 11.1.0) ERROR: 'NG0304: 'mat-form-field' is not a known element:
1. If 'mat-form-field' is an Angular component, then verify that it is part of this module.
2. If 'mat-form-field' is a Web Component then add 'CUSTOM_ELEMENTS_SCHEMA' to the '@NgModule.schemas' of this component to suppress this message.'
,Chrome 88.0.4324.192 (Mac OS 11.1.0) ERROR: 'NG0304: 'mat-label' is not a known element:
1. If 'mat-label' is an Angular component, then verify that it is part of this module.
2. If 'mat-label' is a Web Component then add 'CUSTOM_ELEMENTS_SCHEMA' to the '@NgModule.schemas' of this component to suppress this message.'
,Chrome 88.0.4324.192 (Mac OS 11.1.0) ERROR: 'NG0304: 'mat-icon' is not a known element:
1. If 'mat-icon' is an Angular component, then verify that it is part of this module.
2. If 'mat-icon' is a Web Component then add 'CUSTOM_ELEMENTS_SCHEMA' to the '@NgModule.schemas' of this component to suppress this message.'
,Chrome 88.0.4324.192 (Mac OS 11.1.0) ERROR: 'NG0304: 'mat-card-footer' is not a known element:
1. If 'mat-card-footer' is an Angular component, then verify that it is part of this module.
2. If 'mat-card-footer' is a Web Component then add 'CUSTOM_ELEMENTS_SCHEMA' to the '@NgModule.schemas' of this component to suppress this message.'
,Chrome 88.0.4324.192 (Mac OS 11.1.0) ERROR: 'NG0304: 'mat-icon' is not a known element:
1. If 'mat-icon' is an Angular component, then verify that it is part of this module.
2. If 'mat-icon' is a Web Component then add 'CUSTOM_ELEMENTS_SCHEMA' to the '@NgModule.schemas' of this component to suppress this message.'
,Chrome 88.0.4324.192 (Mac OS 11.1.0) ERROR: 'NG0303: Can't bind to 'formControl' since it isn't a known property of 'input'.'
,Chrome 88.0.4324.192 (Mac OS 11.1.0) ERROR: 'NG0303: Can't bind to 'Address' since it isn't a known property of 'address-form'.'
,Chrome 88.0.4324.192 (Mac OS 11.1.0) ERROR: 'NG0303: Can't bind to 'Disabled' since it isn't a known property of 'address-form'.'
,Chrome 88.0.4324.192 (Mac OS 11.1.0) ERROR: 'NG0303: Can't bind to 'formGroup' since it isn't a known property of 'form'.'
,Chrome 88.0.4324.192 (Mac OS 11.1.0) ERROR: 'NG0304: 'mat-error' is not a known element:
1. If 'mat-error' is an Angular component, then verify that it is part of this module.
2. If 'mat-error' is a Web Component then add 'CUSTOM_ELEMENTS_SCHEMA' to the '@NgModule.schemas' of this component to suppress this message.'
,Chrome 88.0.4324.192 (Mac OS 11.1.0) ERROR: 'NG0304: 'mat-card' is not a known element:
1. If 'mat-card' is an Angular component, then verify that it is part of this module.
2. If 'mat-card' is a Web Component then add 'CUSTOM_ELEMENTS_SCHEMA' to the '@NgModule.schemas' of this component to suppress this message.'
,Chrome 88.0.4324.192 (Mac OS 11.1.0) ERROR: 'NG0304: 'mat-card-header' is not a known element:
1. If 'mat-card-header' is an Angular component, then verify that it is part of this module.
2. If 'mat-card-header' is a Web Component then add 'CUSTOM_ELEMENTS_SCHEMA' to the '@NgModule.schemas' of this component to suppress this message.'
,Chrome 88.0.4324.192 (Mac OS 11.1.0) ERROR: 'NG0304: 'mat-icon' is not a known element:
1. If 'mat-icon' is an Angular component, then verify that it is part of this module.
2. If 'mat-icon' is a Web Component then add 'CUSTOM_ELEMENTS_SCHEMA' to the '@NgModule.schemas' of this component to suppress this message.'
,Chrome 88.0.4324.192 (Mac OS 11.1.0) ERROR: 'NG0304: 'mat-card-title' is not a known element:
1. If 'mat-card-title' is an Angular component, then verify that it is part of this module.
2. If 'mat-card-title' is a Web Component then add 'CUSTOM_ELEMENTS_SCHEMA' to the '@NgModule.schemas' of this component to suppress this message.'
,Chrome 88.0.4324.192 (Mac OS 11.1.0) ERROR: 'NG0304: 'mat-card-subtitle' is not a known element:
1. If 'mat-card-subtitle' is an Angular component, then verify that it is part of this module.
2. If 'mat-card-subtitle' is a Web Component then add 'CUSTOM_ELEMENTS_SCHEMA' to the '@NgModule.schemas' of this component to suppress this message.'
,Chrome 88.0.4324.192 (Mac OS 11.1.0) ERROR: 'NG0304: 'mat-card-content' is not a known element:
1. If 'mat-card-content' is an Angular component, then verify that it is part of this module.
2. If 'mat-card-content' is a Web Component then add 'CUSTOM_ELEMENTS_SCHEMA' to the '@NgModule.schemas' of this component to suppress this message.'
,Chrome 88.0.4324.192 (Mac OS 11.1.0) ERROR: 'NG0304: 'mat-icon' is not a known element:
1. If 'mat-icon' is an Angular component, then verify that it is part of this module.
2. If 'mat-icon' is a Web Component then add 'CUSTOM_ELEMENTS_SCHEMA' to the '@NgModule.schemas' of this component to suppress this message.'
,Chrome 88.0.4324.192 (Mac OS 11.1.0) ERROR: 'NG0304: 'mat-card-footer' is not a known element:
1. If 'mat-card-footer' is an Angular component, then verify that it is part of this module.
2. If 'mat-card-footer' is a Web Component then add 'CUSTOM_ELEMENTS_SCHEMA' to the '@NgModule.schemas' of this component to suppress this message.'
,Chrome 88.0.4324.192 (Mac OS 11.1.0) ERROR: 'NG0304: 'mat-error' is not a known element:
1. If 'mat-error' is an Angular component, then verify that it is part of this module.
2. If 'mat-error' is a Web Component then add 'CUSTOM_ELEMENTS_SCHEMA' to the '@NgModule.schemas' of this component to suppress this message.'
,Chrome 88.0.4324.192 (Mac OS 11.1.0) ERROR: 'NG0304: 'mat-card' is not a known element:
1. If 'mat-card' is an Angular component, then verify that it is part of this module.
2. If 'mat-card' is a Web Component then add 'CUSTOM_ELEMENTS_SCHEMA' to the '@NgModule.schemas' of this component to suppress this message.'
,Chrome 88.0.4324.192 (Mac OS 11.1.0) ERROR: 'NG0304: 'mat-card-header' is not a known element:
1. If 'mat-card-header' is an Angular component, then verify that it is part of this module.
2. If 'mat-card-header' is a Web Component then add 'CUSTOM_ELEMENTS_SCHEMA' to the '@NgModule.schemas' of this component to suppress this message.'
,Chrome 88.0.4324.192 (Mac OS 11.1.0) ERROR: 'NG0304: 'mat-icon' is not a known element:
1. If 'mat-icon' is an Angular component, then verify that it is part of this module.
2. If 'mat-icon' is a Web Component then add 'CUSTOM_ELEMENTS_SCHEMA' to the '@NgModule.schemas' of this component to suppress this message.'
,Chrome 88.0.4324.192 (Mac OS 11.1.0) ERROR: 'NG0304: 'mat-card-title' is not a known element:
1. If 'mat-card-title' is an Angular component, then verify that it is part of this module.
2. If 'mat-card-title' is a Web Component then add 'CUSTOM_ELEMENTS_SCHEMA' to the '@NgModule.schemas' of this component to suppress this message.'
,Chrome 88.0.4324.192 (Mac OS 11.1.0) ERROR: 'NG0304: 'mat-card-content' is not a known element:
1. If 'mat-card-content' is an Angular component, then verify that it is part of this module.
2. If 'mat-card-content' is a Web Component then add 'CUSTOM_ELEMENTS_SCHEMA' to the '@NgModule.schemas' of this component to suppress this message.'
,Chrome 88.0.4324.192 (Mac OS 11.1.0) ERROR: 'NG0304: 'mat-form-field' is not a known element:
1. If 'mat-form-field' is an Angular component, then verify that it is part of this module.
2. If 'mat-form-field' is a Web Component then add 'CUSTOM_ELEMENTS_SCHEMA' to the '@NgModule.schemas' of this component to suppress this message.'
,Chrome 88.0.4324.192 (Mac OS 11.1.0) ERROR: 'NG0304: 'mat-label' is not a known element:
1. If 'mat-label' is an Angular component, then verify that it is part of this module.
2. If 'mat-label' is a Web Component then add 'CUSTOM_ELEMENTS_SCHEMA' to the '@NgModule.schemas' of this component to suppress this message.'
,Chrome 88.0.4324.192 (Mac OS 11.1.0) ERROR: 'NG0304: 'mat-form-field' is not a known element:
1. If 'mat-form-field' is an Angular component, then verify that it is part of this module.
2. If 'mat-form-field' is a Web Component then add 'CUSTOM_ELEMENTS_SCHEMA' to the '@NgModule.schemas' of this component to suppress this message.'
,Chrome 88.0.4324.192 (Mac OS 11.1.0) ERROR: 'NG0304: 'mat-label' is not a known element:
1. If 'mat-label' is an Angular component, then verify that it is part of this module.
2. If 'mat-label' is a Web Component then add 'CUSTOM_ELEMENTS_SCHEMA' to the '@NgModule.schemas' of this component to suppress this message.'
,Chrome 88.0.4324.192 (Mac OS 11.1.0) ERROR: 'NG0304: 'mat-icon' is not a known element:
1. If 'mat-icon' is an Angular component, then verify that it is part of this module.
2. If 'mat-icon' is a Web Component then add 'CUSTOM_ELEMENTS_SCHEMA' to the '@NgModule.schemas' of this component to suppress this message.'
,Chrome 88.0.4324.192 (Mac OS 11.1.0) ERROR: 'NG0304: 'mat-form-field' is not a known element:
1. If 'mat-form-field' is an Angular component, then verify that it is part of this module.
2. If 'mat-form-field' is a Web Component then add 'CUSTOM_ELEMENTS_SCHEMA' to the '@NgModule.schemas' of this component to suppress this message.'
,Chrome 88.0.4324.192 (Mac OS 11.1.0) ERROR: 'NG0304: 'mat-label' is not a known element:
1. If 'mat-label' is an Angular component, then verify that it is part of this module.
2. If 'mat-label' is a Web Component then add 'CUSTOM_ELEMENTS_SCHEMA' to the '@NgModule.schemas' of this component to suppress this message.'
,Chrome 88.0.4324.192 (Mac OS 11.1.0) ERROR: 'NG0304: 'mat-form-field' is not a known element:
1. If 'mat-form-field' is an Angular component, then verify that it is part of this module.
2. If 'mat-form-field' is a Web Component then add 'CUSTOM_ELEMENTS_SCHEMA' to the '@NgModule.schemas' of this component to suppress this message.'
,Chrome 88.0.4324.192 (Mac OS 11.1.0) ERROR: 'NG0304: 'mat-label' is not a known element:
1. If 'mat-label' is an Angular component, then verify that it is part of this module.
2. If 'mat-label' is a Web Component then add 'CUSTOM_ELEMENTS_SCHEMA' to the '@NgModule.schemas' of this component to suppress this message.'
,Chrome 88.0.4324.192 (Mac OS 11.1.0) ERROR: 'NG0304: 'mat-form-field' is not a known element:
1. If 'mat-form-field' is an Angular component, then verify that it is part of this module.
2. If 'mat-form-field' is a Web Component then add 'CUSTOM_ELEMENTS_SCHEMA' to the '@NgModule.schemas' of this component to suppress this message.'
,Chrome 88.0.4324.192 (Mac OS 11.1.0) ERROR: 'NG0304: 'mat-label' is not a known element:
1. If 'mat-label' is an Angular component, then verify that it is part of this module.
2. If 'mat-label' is a Web Component then add 'CUSTOM_ELEMENTS_SCHEMA' to the '@NgModule.schemas' of this component to suppress this message.'
,Chrome 88.0.4324.192 (Mac OS 11.1.0) ERROR: 'NG0304: 'mat-card-footer' is not a known element:
1. If 'mat-card-footer' is an Angular component, then verify that it is part of this module.
2. If 'mat-card-footer' is a Web Component then add 'CUSTOM_ELEMENTS_SCHEMA' to the '@NgModule.schemas' of this component to suppress this message.'
,Chrome 88.0.4324.192 (Mac OS 11.1.0) ERROR: 'NG0304: 'mat-card' is not a known element:
1. If 'mat-card' is an Angular component, then verify that it is part of this module.
2. If 'mat-card' is a Web Component then add 'CUSTOM_ELEMENTS_SCHEMA' to the '@NgModule.schemas' of this component to suppress this message.'
,Chrome 88.0.4324.192 (Mac OS 11.1.0) ERROR: 'NG0304: 'mat-card-header' is not a known element:
1. If 'mat-card-header' is an Angular component, then verify that it is part of this module.
2. If 'mat-card-header' is a Web Component then add 'CUSTOM_ELEMENTS_SCHEMA' to the '@NgModule.schemas' of this component to suppress this message.'
,Chrome 88.0.4324.192 (Mac OS 11.1.0) ERROR: 'NG0304: 'mat-icon' is not a known element:
1. If 'mat-icon' is an Angular component, then verify that it is part of this module.
2. If 'mat-icon' is a Web Component then add 'CUSTOM_ELEMENTS_SCHEMA' to the '@NgModule.schemas' of this component to suppress this message.'
,Chrome 88.0.4324.192 (Mac OS 11.1.0) ERROR: 'NG0304: 'mat-card-title' is not a known element:
1. If 'mat-card-title' is an Angular component, then verify that it is part of this module.
2. If 'mat-card-title' is a Web Component then add 'CUSTOM_ELEMENTS_SCHEMA' to the '@NgModule.schemas' of this component to suppress this message.'
,Chrome 88.0.4324.192 (Mac OS 11.1.0) ERROR: 'NG0304: 'mat-card-subtitle' is not a known element:
1. If 'mat-card-subtitle' is an Angular component, then verify that it is part of this module.
2. If 'mat-card-subtitle' is a Web Component then add 'CUSTOM_ELEMENTS_SCHEMA' to the '@NgModule.schemas' of this component to suppress this message.'
,Chrome 88.0.4324.192 (Mac OS 11.1.0) ERROR: 'NG0304: 'address-form' is not a known element:
1. If 'address-form' is an Angular component, then verify that it is part of this module.
2. If 'address-form' is a Web Component then add 'CUSTOM_ELEMENTS_SCHEMA' to the '@NgModule.schemas' of this component to suppress this message.'
,Chrome 88.0.4324.192 (Mac OS 11.1.0) ERROR: 'NG0304: 'mat-card' is not a known element:
1. If 'mat-card' is an Angular component, then verify that it is part of this module.
2. If 'mat-card' is a Web Component then add 'CUSTOM_ELEMENTS_SCHEMA' to the '@NgModule.schemas' of this component to suppress this message.'
,Chrome 88.0.4324.192 (Mac OS 11.1.0) ERROR: 'NG0304: 'mat-card-header' is not a known element:
1. If 'mat-card-header' is an Angular component, then verify that it is part of this module.
2. If 'mat-card-header' is a Web Component then add 'CUSTOM_ELEMENTS_SCHEMA' to the '@NgModule.schemas' of this component to suppress this message.'
,Chrome 88.0.4324.192 (Mac OS 11.1.0) ERROR: 'NG0304: 'mat-icon' is not a known element:
1. If 'mat-icon' is an Angular component, then verify that it is part of this module.
2. If 'mat-icon' is a Web Component then add 'CUSTOM_ELEMENTS_SCHEMA' to the '@NgModule.schemas' of this component to suppress this message.'
,Chrome 88.0.4324.192 (Mac OS 11.1.0) ERROR: 'NG0304: 'mat-card-title' is not a known element:
1. If 'mat-card-title' is an Angular component, then verify that it is part of this module.
2. If 'mat-card-title' is a Web Component then add 'CUSTOM_ELEMENTS_SCHEMA' to the '@NgModule.schemas' of this component to suppress this message.'
,Chrome 88.0.4324.192 (Mac OS 11.1.0) ERROR: 'NG0304: 'mat-card-subtitle' is not a known element:
1. If 'mat-card-subtitle' is an Angular component, then verify that it is part of this module.
2. If 'mat-card-subtitle' is a Web Component then add 'CUSTOM_ELEMENTS_SCHEMA' to the '@NgModule.schemas' of this component to suppress this message.'
,Chrome 88.0.4324.192 (Mac OS 11.1.0) ERROR: 'NG0304: 'mat-card-content' is not a known element:
1. If 'mat-card-content' is an Angular component, then verify that it is part of this module.
2. If 'mat-card-content' is a Web Component then add 'CUSTOM_ELEMENTS_SCHEMA' to the '@NgModule.schemas' of this component to suppress this message.'
,Chrome 88.0.4324.192 (Mac OS 11.1.0) ERROR: 'NG0304: 'mat-form-field' is not a known element:
1. If 'mat-form-field' is an Angular component, then verify that it is part of this module.
2. If 'mat-form-field' is a Web Component then add 'CUSTOM_ELEMENTS_SCHEMA' to the '@NgModule.schemas' of this component to suppress this message.'
,Chrome 88.0.4324.192 (Mac OS 11.1.0) ERROR: 'NG0304: 'mat-label' is not a known element:
1. If 'mat-label' is an Angular component, then verify that it is part of this module.
2. If 'mat-label' is a Web Component then add 'CUSTOM_ELEMENTS_SCHEMA' to the '@NgModule.schemas' of this component to suppress this message.'
,Chrome 88.0.4324.192 (Mac OS 11.1.0) ERROR: 'NG0304: 'mat-error' is not a known element:
1. If 'mat-error' is an Angular component, then verify that it is part of this module.
2. If 'mat-error' is a Web Component then add 'CUSTOM_ELEMENTS_SCHEMA' to the '@NgModule.schemas' of this component to suppress this message.'
,Chrome 88.0.4324.192 (Mac OS 11.1.0) ERROR: 'NG0304: 'mat-form-field' is not a known element:
1. If 'mat-form-field' is an Angular component, then verify that it is part of this module.
2. If 'mat-form-field' is a Web Component then add 'CUSTOM_ELEMENTS_SCHEMA' to the '@NgModule.schemas' of this component to suppress this message.'
,Chrome 88.0.4324.192 (Mac OS 11.1.0) ERROR: 'NG0304: 'mat-label' is not a known element:
1. If 'mat-label' is an Angular component, then verify that it is part of this module.
2. If 'mat-label' is a Web Component then add 'CUSTOM_ELEMENTS_SCHEMA' to the '@NgModule.schemas' of this component to suppress this message.'
,Chrome 88.0.4324.192 (Mac OS 11.1.0) ERROR: 'NG0304: 'mat-icon' is not a known element:
1. If 'mat-icon' is an Angular component, then verify that it is part of this module.
2. If 'mat-icon' is a Web Component then add 'CUSTOM_ELEMENTS_SCHEMA' to the '@NgModule.schemas' of this component to suppress this message.'
,Chrome 88.0.4324.192 (Mac OS 11.1.0) ERROR: 'NG0304: 'mat-card-footer' is not a known element:
1. If 'mat-card-footer' is an Angular component, then verify that it is part of this module.
2. If 'mat-card-footer' is a Web Component then add 'CUSTOM_ELEMENTS_SCHEMA' to the '@NgModule.schemas' of this component to suppress this message.'
,Chrome 88.0.4324.192 (Mac OS 11.1.0) ERROR: 'NG0304: 'mat-icon' is not a known element:
1. If 'mat-icon' is an Angular component, then verify that it is part of this module.
2. If 'mat-icon' is a Web Component then add 'CUSTOM_ELEMENTS_SCHEMA' to the '@NgModule.schemas' of this component to suppress this message.'
,Chrome 88.0.4324.192 (Mac OS 11.1.0) ERROR: 'NG0303: Can't bind to 'formControl' since it isn't a known property of 'input'.'
,Chrome 88.0.4324.192 (Mac OS 11.1.0) ERROR: 'NG0303: Can't bind to 'Address' since it isn't a known property of 'address-form'.'
,Chrome 88.0.4324.192 (Mac OS 11.1.0) ERROR: 'NG0303: Can't bind to 'Disabled' since it isn't a known property of 'address-form'.'
,Chrome 88.0.4324.192 (Mac OS 11.1.0) ERROR: 'NG0303: Can't bind to 'formGroup' since it isn't a known property of 'form'.'
,Chrome 88.0.4324.192 (Mac OS 11.1.0) ERROR: 'NG0304: 'mat-error' is not a known element:
1. If 'mat-error' is an Angular component, then verify that it is part of this module.
2. If 'mat-error' is a Web Component then add 'CUSTOM_ELEMENTS_SCHEMA' to the '@NgModule.schemas' of this component to suppress this message.'
,Chrome 88.0.4324.192 (Mac OS 11.1.0) ERROR: 'NG0304: 'mat-card' is not a known element:
1. If 'mat-card' is an Angular component, then verify that it is part of this module.
2. If 'mat-card' is a Web Component then add 'CUSTOM_ELEMENTS_SCHEMA' to the '@NgModule.schemas' of this component to suppress this message.'
,Chrome 88.0.4324.192 (Mac OS 11.1.0) ERROR: 'NG0304: 'mat-card-header' is not a known element:
1. If 'mat-card-header' is an Angular component, then verify that it is part of this module.
2. If 'mat-card-header' is a Web Component then add 'CUSTOM_ELEMENTS_SCHEMA' to the '@NgModule.schemas' of this component to suppress this message.'
,Chrome 88.0.4324.192 (Mac OS 11.1.0) ERROR: 'NG0304: 'mat-icon' is not a known element:
1. If 'mat-icon' is an Angular component, then verify that it is part of this module.
2. If 'mat-icon' is a Web Component then add 'CUSTOM_ELEMENTS_SCHEMA' to the '@NgModule.schemas' of this component to suppress this message.'
,Chrome 88.0.4324.192 (Mac OS 11.1.0) ERROR: 'NG0304: 'mat-card-title' is not a known element:
1. If 'mat-card-title' is an Angular component, then verify that it is part of this module.
2. If 'mat-card-title' is a Web Component then add 'CUSTOM_ELEMENTS_SCHEMA' to the '@NgModule.schemas' of this component to suppress this message.'
,Chrome 88.0.4324.192 (Mac OS 11.1.0) ERROR: 'NG0304: 'mat-card-subtitle' is not a known element:
1. If 'mat-card-subtitle' is an Angular component, then verify that it is part of this module.
[...]
,Chrome 88.0.4324.192 (Mac OS 11.1.0) ERROR: 'NG0304: 'mat-card' is not a known element:
1. If 'mat-card' is an Angular component, then verify that it is part of this module.
2. If 'mat-card' is a Web Component then add 'CUSTOM_ELEMENTS_SCHEMA' to the '@NgModule.schemas' of this component to suppress this message.'
,Chrome 88.0.4324.192 (Mac OS 11.1.0) ERROR: 'NG0304: 'mat-card-header' is not a known element:
1. If 'mat-card-header' is an Angular component, then verify that it is part of this module.
2. If 'mat-card-header' is a Web Component then add 'CUSTOM_ELEMENTS_SCHEMA' to the '@NgModule.schemas' of this component to suppress this message.'
,Chrome 88.0.4324.192 (Mac OS 11.1.0) ERROR: 'NG0304: 'mat-icon' is not a known element:
1. If 'mat-icon' is an Angular component, then verify that it is part of this module.
2. If 'mat-icon' is a Web Component then add 'CUSTOM_ELEMENTS_SCHEMA' to the '@NgModule.schemas' of this component to suppress this message.'
,Chrome 88.0.4324.192 (Mac OS 11.1.0) ERROR: 'NG0304: 'mat-card-title' is not a known element:
1. If 'mat-card-title' is an Angular component, then verify that it is part of this module.
2. If 'mat-card-title' is a Web Component then add 'CUSTOM_ELEMENTS_SCHEMA' to the '@NgModule.schemas' of this component to suppress this message.'
,Chrome 88.0.4324.192 (Mac OS 11.1.0) ERROR: 'NG0304: 'mat-card-subtitle' is not a known element:
1. If 'mat-card-subtitle' is an Angular component, then verify that it is part of this module.
2. If 'mat-card-subtitle' is a Web Component then add 'CUSTOM_ELEMENTS_SCHEMA' to the '@NgModule.schemas' of this component to suppress this message.'
,Chrome 88.0.4324.192 (Mac OS 11.1.0) ERROR: 'NG0304: 'mat-form-field' is not a known element:
1. If 'mat-form-field' is an Angular component, then verify that it is part of this module.
2. If 'mat-form-field' is a Web Component then add 'CUSTOM_ELEMENTS_SCHEMA' to the '@NgModule.schemas' of this component to suppress this message.'
,Chrome 88.0.4324.192 (Mac OS 11.1.0) ERROR: 'NG0304: 'mat-label' is not a known element:
1. If 'mat-label' is an Angular component, then verify that it is part of this module.
2. If 'mat-label' is a Web Component then add 'CUSTOM_ELEMENTS_SCHEMA' to the '@NgModule.schemas' of this component to suppress this message.'
,Chrome 88.0.4324.192 (Mac OS 11.1.0) ERROR: 'NG0304: 'mat-icon' is not a known element:
1. If 'mat-icon' is an Angular component, then verify that it is part of this module.
2. If 'mat-icon' is a Web Component then add 'CUSTOM_ELEMENTS_SCHEMA' to the '@NgModule.schemas' of this component to suppress this message.'
,Chrome 88.0.4324.192 (Mac OS 11.1.0) ERROR: 'NG0304: 'mat-card' is not a known element:
1. If 'mat-card' is an Angular component, then verify that it is part of this module.
2. If 'mat-card' is a Web Component then add 'CUSTOM_ELEMENTS_SCHEMA' to the '@NgModule.schemas' of this component to suppress this message.'
,Chrome 88.0.4324.192 (Mac OS 11.1.0) ERROR: 'NG0304: 'ngx-stripe-card' is not a known element:
1. If 'ngx-stripe-card' is an Angular component, then verify that it is part of this module.
2. If 'ngx-stripe-card' is a Web Component then add 'CUSTOM_ELEMENTS_SCHEMA' to the '@NgModule.schemas' of this component to suppress this message.'
,Chrome 88.0.4324.192 (Mac OS 11.1.0) ERROR: 'NG0304: 'mat-card-footer' is not a known element:
1. If 'mat-card-footer' is an Angular component, then verify that it is part of this module.
2. If 'mat-card-footer' is a Web Component then add 'CUSTOM_ELEMENTS_SCHEMA' to the '@NgModule.schemas' of this component to suppress this message.'
,Chrome 88.0.4324.192 (Mac OS 11.1.0) ERROR: 'NG0304: 'mat-card' is not a known element:
1. If 'mat-card' is an Angular component, then verify that it is part of this module.
2. If 'mat-card' is a Web Component then add 'CUSTOM_ELEMENTS_SCHEMA' to the '@NgModule.schemas' of this component to suppress this message.'
,Chrome 88.0.4324.192 (Mac OS 11.1.0) ERROR: 'NG0303: Can't bind to 'options' since it isn't a known property of 'ngx-stripe-card'.'
,Chrome 88.0.4324.192 (Mac OS 11.1.0) ERROR: 'NG0303: Can't bind to 'elementsOptions' since it isn't a known property of 'ngx-stripe-card'.'
,Chrome 88.0.4324.192 (Mac OS 11.1.0) ERROR: Object{error: Object{Message: 'Error adding payment method'}}
,Chrome 88.0.4324.192 (Mac OS 11.1.0) ERROR: 'NG0304: 'mat-card' is not a known element:
1. If 'mat-card' is an Angular component, then verify that it is part of this module.
2. If 'mat-card' is a Web Component then add 'CUSTOM_ELEMENTS_SCHEMA' to the '@NgModule.schemas' of this component to suppress this message.'
,Chrome 88.0.4324.192 (Mac OS 11.1.0) ERROR: 'NG0304: 'mat-card-header' is not a known element:
1. If 'mat-card-header' is an Angular component, then verify that it is part of this module.
2. If 'mat-card-header' is a Web Component then add 'CUSTOM_ELEMENTS_SCHEMA' to the '@NgModule.schemas' of this component to suppress this message.'
,Chrome 88.0.4324.192 (Mac OS 11.1.0) ERROR: 'NG0304: 'mat-icon' is not a known element:
1. If 'mat-icon' is an Angular component, then verify that it is part of this module.
2. If 'mat-icon' is a Web Component then add 'CUSTOM_ELEMENTS_SCHEMA' to the '@NgModule.schemas' of this component to suppress this message.'
,Chrome 88.0.4324.192 (Mac OS 11.1.0) ERROR: 'NG0304: 'mat-card-title' is not a known element:
1. If 'mat-card-title' is an Angular component, then verify that it is part of this module.
2. If 'mat-card-title' is a Web Component then add 'CUSTOM_ELEMENTS_SCHEMA' to the '@NgModule.schemas' of this component to suppress this message.'
,Chrome 88.0.4324.192 (Mac OS 11.1.0) ERROR: 'NG0304: 'mat-card-subtitle' is not a known element:
1. If 'mat-card-subtitle' is an Angular component, then verify that it is part of this module.
2. If 'mat-card-subtitle' is a Web Component then add 'CUSTOM_ELEMENTS_SCHEMA' to the '@NgModule.schemas' of this component to suppress this message.'
,Chrome 88.0.4324.192 (Mac OS 11.1.0) ERROR: 'NG0304: 'mat-form-field' is not a known element:
1. If 'mat-form-field' is an Angular component, then verify that it is part of this module.
2. If 'mat-form-field' is a Web Component then add 'CUSTOM_ELEMENTS_SCHEMA' to the '@NgModule.schemas' of this component to suppress this message.'
,Chrome 88.0.4324.192 (Mac OS 11.1.0) ERROR: 'NG0304: 'mat-label' is not a known element:
1. If 'mat-label' is an Angular component, then verify that it is part of this module.
2. If 'mat-label' is a Web Component then add 'CUSTOM_ELEMENTS_SCHEMA' to the '@NgModule.schemas' of this component to suppress this message.'
,Chrome 88.0.4324.192 (Mac OS 11.1.0) ERROR: 'NG0304: 'mat-icon' is not a known element:
1. If 'mat-icon' is an Angular component, then verify that it is part of this module.
2. If 'mat-icon' is a Web Component then add 'CUSTOM_ELEMENTS_SCHEMA' to the '@NgModule.schemas' of this component to suppress this message.'
,Chrome 88.0.4324.192 (Mac OS 11.1.0) ERROR: 'NG0304: 'mat-card' is not a known element:
1. If 'mat-card' is an Angular component, then verify that it is part of this module.
2. If 'mat-card' is a Web Component then add 'CUSTOM_ELEMENTS_SCHEMA' to the '@NgModule.schemas' of this component to suppress this message.'
,Chrome 88.0.4324.192 (Mac OS 11.1.0) ERROR: 'NG0304: 'ngx-stripe-card' is not a known element:
1. If 'ngx-stripe-card' is an Angular component, then verify that it is part of this module.
2. If 'ngx-stripe-card' is a Web Component then add 'CUSTOM_ELEMENTS_SCHEMA' to the '@NgModule.schemas' of this component to suppress this message.'
,Chrome 88.0.4324.192 (Mac OS 11.1.0) ERROR: 'NG0304: 'mat-card-footer' is not a known element:
1. If 'mat-card-footer' is an Angular component, then verify that it is part of this module.
2. If 'mat-card-footer' is a Web Component then add 'CUSTOM_ELEMENTS_SCHEMA' to the '@NgModule.schemas' of this component to suppress this message.'
,Chrome 88.0.4324.192 (Mac OS 11.1.0) ERROR: 'NG0304: 'mat-card' is not a known element:
1. If 'mat-card' is an Angular component, then verify that it is part of this module.
2. If 'mat-card' is a Web Component then add 'CUSTOM_ELEMENTS_SCHEMA' to the '@NgModule.schemas' of this component to suppress this message.'
,Chrome 88.0.4324.192 (Mac OS 11.1.0) ERROR: 'NG0303: Can't bind to 'options' since it isn't a known property of 'ngx-stripe-card'.'
,Chrome 88.0.4324.192 (Mac OS 11.1.0) ERROR: 'NG0303: Can't bind to 'elementsOptions' since it isn't a known property of 'ngx-stripe-card'.'
,Chrome 88.0.4324.192 (Mac OS 11.1.0) ERROR: 'NG0304: 'mat-card' is not a known element:
1. If 'mat-card' is an Angular component, then verify that it is part of this module.
2. If 'mat-card' is a Web Component then add 'CUSTOM_ELEMENTS_SCHEMA' to the '@NgModule.schemas' of this component to suppress this message.'
,Chrome 88.0.4324.192 (Mac OS 11.1.0) ERROR: 'NG0304: 'mat-card-header' is not a known element:
1. If 'mat-card-header' is an Angular component, then verify that it is part of this module.
2. If 'mat-card-header' is a Web Component then add 'CUSTOM_ELEMENTS_SCHEMA' to the '@NgModule.schemas' of this component to suppress this message.'
,Chrome 88.0.4324.192 (Mac OS 11.1.0) ERROR: 'NG0304: 'mat-icon' is not a known element:
1. If 'mat-icon' is an Angular component, then verify that it is part of this module.
2. If 'mat-icon' is a Web Component then add 'CUSTOM_ELEMENTS_SCHEMA' to the '@NgModule.schemas' of this component to suppress this message.'
,Chrome 88.0.4324.192 (Mac OS 11.1.0) ERROR: 'NG0304: 'mat-card-title' is not a known element:
1. If 'mat-card-title' is an Angular component, then verify that it is part of this module.
2. If 'mat-card-title' is a Web Component then add 'CUSTOM_ELEMENTS_SCHEMA' to the '@NgModule.schemas' of this component to suppress this message.'
,Chrome 88.0.4324.192 (Mac OS 11.1.0) ERROR: 'NG0304: 'mat-card-subtitle' is not a known element:
1. If 'mat-card-subtitle' is an Angular component, then verify that it is part of this module.
2. If 'mat-card-subtitle' is a Web Component then add 'CUSTOM_ELEMENTS_SCHEMA' to the '@NgModule.schemas' of this component to suppress this message.'
,Chrome 88.0.4324.192 (Mac OS 11.1.0) ERROR: 'NG0304: 'mat-form-field' is not a known element:
1. If 'mat-form-field' is an Angular component, then verify that it is part of this module.
2. If 'mat-form-field' is a Web Component then add 'CUSTOM_ELEMENTS_SCHEMA' to the '@NgModule.schemas' of this component to suppress this message.'
,Chrome 88.0.4324.192 (Mac OS 11.1.0) ERROR: 'NG0304: 'mat-label' is not a known element:
1. If 'mat-label' is an Angular component, then verify that it is part of this module.
2. If 'mat-label' is a Web Component then add 'CUSTOM_ELEMENTS_SCHEMA' to the '@NgModule.schemas' of this component to suppress this message.'
,Chrome 88.0.4324.192 (Mac OS 11.1.0) ERROR: 'NG0304: 'mat-icon' is not a known element:
1. If 'mat-icon' is an Angular component, then verify that it is part of this module.
2. If 'mat-icon' is a Web Component then add 'CUSTOM_ELEMENTS_SCHEMA' to the '@NgModule.schemas' of this component to suppress this message.'
,Chrome 88.0.4324.192 (Mac OS 11.1.0) ERROR: 'NG0304: 'mat-card' is not a known element:
1. If 'mat-card' is an Angular component, then verify that it is part of this module.
2. If 'mat-card' is a Web Component then add 'CUSTOM_ELEMENTS_SCHEMA' to the '@NgModule.schemas' of this component to suppress this message.'
,Chrome 88.0.4324.192 (Mac OS 11.1.0) ERROR: 'NG0304: 'ngx-stripe-card' is not a known element:
1. If 'ngx-stripe-card' is an Angular component, then verify that it is part of this module.
2. If 'ngx-stripe-card' is a Web Component then add 'CUSTOM_ELEMENTS_SCHEMA' to the '@NgModule.schemas' of this component to suppress this message.'
,Chrome 88.0.4324.192 (Mac OS 11.1.0) ERROR: 'NG0304: 'mat-card-footer' is not a known element:
1. If 'mat-card-footer' is an Angular component, then verify that it is part of this module.
2. If 'mat-card-footer' is a Web Component then add 'CUSTOM_ELEMENTS_SCHEMA' to the '@NgModule.schemas' of this component to suppress this message.'
,Chrome 88.0.4324.192 (Mac OS 11.1.0) ERROR: 'NG0304: 'mat-card' is not a known element:
1. If 'mat-card' is an Angular component, then verify that it is part of this module.
2. If 'mat-card' is a Web Component then add 'CUSTOM_ELEMENTS_SCHEMA' to the '@NgModule.schemas' of this component to suppress this message.'
,Chrome 88.0.4324.192 (Mac OS 11.1.0) ERROR: 'NG0303: Can't bind to 'options' since it isn't a known property of 'ngx-stripe-card'.'
,Chrome 88.0.4324.192 (Mac OS 11.1.0) ERROR: 'NG0303: Can't bind to 'elementsOptions' since it isn't a known property of 'ngx-stripe-card'.'
,Chrome 88.0.4324.192 (Mac OS 11.1.0) ERROR: 'NG0304: 'user-nav' is not a known element:
1. If 'user-nav' is an Angular component, then verify that it is part of this module.
2. If 'user-nav' is a Web Component then add 'CUSTOM_ELEMENTS_SCHEMA' to the '@NgModule.schemas' of this component to suppress this message.'
,Chrome 88.0.4324.192 (Mac OS 11.1.0) ERROR: 'NG0304: 'mat-card' is not a known element:
1. If 'mat-card' is an Angular component, then verify that it is part of this module.
2. If 'mat-card' is a Web Component then add 'CUSTOM_ELEMENTS_SCHEMA' to the '@NgModule.schemas' of this component to suppress this message.'
,Chrome 88.0.4324.192 (Mac OS 11.1.0) ERROR: 'NG0304: 'mat-progress-bar' is not a known element:
1. If 'mat-progress-bar' is an Angular component, then verify that it is part of this module.
2. If 'mat-progress-bar' is a Web Component then add 'CUSTOM_ELEMENTS_SCHEMA' to the '@NgModule.schemas' of this component to suppress this message.'
,Chrome 88.0.4324.192 (Mac OS 11.1.0) ERROR: 'NG0304: 'user-nav' is not a known element:
1. If 'user-nav' is an Angular component, then verify that it is part of this module.
2. If 'user-nav' is a Web Component then add 'CUSTOM_ELEMENTS_SCHEMA' to the '@NgModule.schemas' of this component to suppress this message.'
,Chrome 88.0.4324.192 (Mac OS 11.1.0) ERROR: 'NG0304: 'mat-card' is not a known element:
1. If 'mat-card' is an Angular component, then verify that it is part of this module.
2. If 'mat-card' is a Web Component then add 'CUSTOM_ELEMENTS_SCHEMA' to the '@NgModule.schemas' of this component to suppress this message.'
,Chrome 88.0.4324.192 (Mac OS 11.1.0) ERROR: 'NG0304: 'mat-progress-bar' is not a known element:
1. If 'mat-progress-bar' is an Angular component, then verify that it is part of this module.
2. If 'mat-progress-bar' is a Web Component then add 'CUSTOM_ELEMENTS_SCHEMA' to the '@NgModule.schemas' of this component to suppress this message.'
,Chrome 88.0.4324.192 (Mac OS 11.1.0) ERROR: 'NG0304: 'user-nav' is not a known element:
1. If 'user-nav' is an Angular component, then verify that it is part of this module.
2. If 'user-nav' is a Web Component then add 'CUSTOM_ELEMENTS_SCHEMA' to the '@NgModule.schemas' of this component to suppress this message.'
,Chrome 88.0.4324.192 (Mac OS 11.1.0) ERROR: 'NG0304: 'mat-card' is not a known element:
1. If 'mat-card' is an Angular component, then verify that it is part of this module.
2. If 'mat-card' is a Web Component then add 'CUSTOM_ELEMENTS_SCHEMA' to the '@NgModule.schemas' of this component to suppress this message.'
,Chrome 88.0.4324.192 (Mac OS 11.1.0) ERROR: 'NG0304: 'mat-progress-bar' is not a known element:
1. If 'mat-progress-bar' is an Angular component, then verify that it is part of this module.
2. If 'mat-progress-bar' is a Web Component then add 'CUSTOM_ELEMENTS_SCHEMA' to the '@NgModule.schemas' of this component to suppress this message.'
,Chrome 88.0.4324.192 (Mac OS 11.1.0) ERROR: 'NG0304: 'user-nav' is not a known element:
1. If 'user-nav' is an Angular component, then verify that it is part of this module.
2. If 'user-nav' is a Web Component then add 'CUSTOM_ELEMENTS_SCHEMA' to the '@NgModule.schemas' of this component to suppress this message.'
,Chrome 88.0.4324.192 (Mac OS 11.1.0) ERROR: 'NG0304: 'mat-card' is not a known element:
1. If 'mat-card' is an Angular component, then verify that it is part of this module.
2. If 'mat-card' is a Web Component then add 'CUSTOM_ELEMENTS_SCHEMA' to the '@NgModule.schemas' of this component to suppress this message.'
,Chrome 88.0.4324.192 (Mac OS 11.1.0) ERROR: 'NG0304: 'mat-progress-bar' is not a known element:
1. If 'mat-progress-bar' is an Angular component, then verify that it is part of this module.
2. If 'mat-progress-bar' is a Web Component then add 'CUSTOM_ELEMENTS_SCHEMA' to the '@NgModule.schemas' of this component to suppress this message.'
,Chrome 88.0.4324.192 (Mac OS 11.1.0) ERROR: 'NG0304: 'user-nav' is not a known element:
1. If 'user-nav' is an Angular component, then verify that it is part of this module.
2. If 'user-nav' is a Web Component then add 'CUSTOM_ELEMENTS_SCHEMA' to the '@NgModule.schemas' of this component to suppress this message.'
,Chrome 88.0.4324.192 (Mac OS 11.1.0) ERROR: 'NG0304: 'mat-card' is not a known element:
1. If 'mat-card' is an Angular component, then verify that it is part of this module.
2. If 'mat-card' is a Web Component then add 'CUSTOM_ELEMENTS_SCHEMA' to the '@NgModule.schemas' of this component to suppress this message.'
,Chrome 88.0.4324.192 (Mac OS 11.1.0) ERROR: 'NG0304: 'mat-progress-bar' is not a known element:
1. If 'mat-progress-bar' is an Angular component, then verify that it is part of this module.
2. If 'mat-progress-bar' is a Web Component then add 'CUSTOM_ELEMENTS_SCHEMA' to the '@NgModule.schemas' of this component to suppress this message.'
,Chrome 88.0.4324.192 (Mac OS 11.1.0) ERROR: HttpErrorResponse{headers: HttpHeaders{normalizedNames: Map{}, lazyUpdate: null, headers: Map{}}, status: 0, statusText: 'Unknown Error', url: null, ok: false, name: 'HttpErrorResponse', message: 'Http failure response for (unknown url): undefined undefined', error: Object{Message: 'Error getting for public'}}
,Chrome 88.0.4324.192 (Mac OS 11.1.0) ERROR: 'NG0304: 'user-nav' is not a known element:
1. If 'user-nav' is an Angular component, then verify that it is part of this module.
2. If 'user-nav' is a Web Component then add 'CUSTOM_ELEMENTS_SCHEMA' to the '@NgModule.schemas' of this component to suppress this message.'
,Chrome 88.0.4324.192 (Mac OS 11.1.0) ERROR: 'NG0304: 'mat-card' is not a known element:
1. If 'mat-card' is an Angular component, then verify that it is part of this module.
2. If 'mat-card' is a Web Component then add 'CUSTOM_ELEMENTS_SCHEMA' to the '@NgModule.schemas' of this component to suppress this message.'
,Chrome 88.0.4324.192 (Mac OS 11.1.0) ERROR: 'NG0304: 'mat-progress-bar' is not a known element:
1. If 'mat-progress-bar' is an Angular component, then verify that it is part of this module.
2. If 'mat-progress-bar' is a Web Component then add 'CUSTOM_ELEMENTS_SCHEMA' to the '@NgModule.schemas' of this component to suppress this message.'
,Chrome 88.0.4324.192 (Mac OS 11.1.0) ERROR: 'NG0304: 'user-nav' is not a known element:
1. If 'user-nav' is an Angular component, then verify that it is part of this module.
2. If 'user-nav' is a Web Component then add 'CUSTOM_ELEMENTS_SCHEMA' to the '@NgModule.schemas' of this component to suppress this message.'
,Chrome 88.0.4324.192 (Mac OS 11.1.0) ERROR: 'NG0304: 'mat-card' is not a known element:
1. If 'mat-card' is an Angular component, then verify that it is part of this module.
2. If 'mat-card' is a Web Component then add 'CUSTOM_ELEMENTS_SCHEMA' to the '@NgModule.schemas' of this component to suppress this message.'
,Chrome 88.0.4324.192 (Mac OS 11.1.0) ERROR: 'NG0304: 'mat-progress-bar' is not a known element:
1. If 'mat-progress-bar' is an Angular component, then verify that it is part of this module.
2. If 'mat-progress-bar' is a Web Component then add 'CUSTOM_ELEMENTS_SCHEMA' to the '@NgModule.schemas' of this component to suppress this message.'

]]>
  </system-out>
  <system-err/>
</testsuite>